  [1m[35m (599.8ms)[0m  [1m[35mCREATE DATABASE "neko_app_api_development" ENCODING = 'unicode'[0m
  [1m[35m (471.0ms)[0m  [1m[35mCREATE DATABASE "neko_app_api_test" ENCODING = 'unicode'[0m
  [1m[35m (34.6ms)[0m  [1m[35mCREATE TABLE "schema_migrations" ("version" character varying NOT NULL PRIMARY KEY)[0m
  [1m[35m (31.2ms)[0m  [1m[35mCREATE TABLE "ar_internal_metadata" ("key" character varying NOT NULL PRIMARY KEY, "value" character varying, "created_at" timestamp(6) NOT NULL, "updated_at" timestamp(6) NOT NULL)[0m
  [1m[35m (0.5ms)[0m  [1m[34mSELECT pg_try_advisory_lock(8130410208921554505)[0m
  [1m[35m (2.3ms)[0m  [1m[34mSELECT "schema_migrations"."version" FROM "schema_migrations" ORDER BY "schema_migrations"."version" ASC[0m
Migrating to CreateItems (20190910152903)
  [1m[35m (0.2ms)[0m  [1m[35mBEGIN[0m
  [1m[35m (32.3ms)[0m  [1m[35mCREATE TABLE "items" ("id" bigserial primary key, "food" character varying, "clothes" character varying, "photo" character varying, "axe" character varying, "painting" character varying, "head" character varying, "created_at" timestamp(6) NOT NULL, "updated_at" timestamp(6) NOT NULL)[0m
  [1m[36mprimary::SchemaMigration Create (1.8ms)[0m  [1m[32mINSERT INTO "schema_migrations" ("version") VALUES ($1) RETURNING "version"[0m  [["version", "20190910152903"]]
  [1m[35m (0.5ms)[0m  [1m[35mCOMMIT[0m
  [1m[36mActiveRecord::InternalMetadata Load (6.4ms)[0m  [1m[34mSELECT "ar_internal_metadata".* FROM "ar_internal_metadata" WHERE "ar_internal_metadata"."key" = $1 LIMIT $2[0m  [["key", "environment"], ["LIMIT", 1]]
  [1m[35m (0.2ms)[0m  [1m[35mBEGIN[0m
  [1m[36mActiveRecord::InternalMetadata Create (1.7ms)[0m  [1m[32mINSERT INTO "ar_internal_metadata" ("key", "value", "created_at", "updated_at") VALUES ($1, $2, $3, $4) RETURNING "key"[0m  [["key", "environment"], ["value", "development"], ["created_at", "2019-09-10 15:54:06.047616"], ["updated_at", "2019-09-10 15:54:06.047616"]]
  [1m[35m (0.4ms)[0m  [1m[35mCOMMIT[0m
  [1m[35m (0.3ms)[0m  [1m[34mSELECT pg_advisory_unlock(8130410208921554505)[0m
  [1m[35m (6.6ms)[0m  [1m[34mSELECT "schema_migrations"."version" FROM "schema_migrations" ORDER BY "schema_migrations"."version" ASC[0m
  [1m[35m (1.1ms)[0m  [1m[34mSELECT "schema_migrations"."version" FROM "schema_migrations" ORDER BY "schema_migrations"."version" ASC[0m
  [1m[35m (0.3ms)[0m  [1m[34mSELECT "schema_migrations"."version" FROM "schema_migrations" ORDER BY "schema_migrations"."version" ASC[0m
  [1m[35m (0.2ms)[0m  [1m[34mSELECT "schema_migrations"."version" FROM "schema_migrations" ORDER BY "schema_migrations"."version" ASC[0m
  [1m[35m (0.2ms)[0m  [1m[34mSELECT pg_try_advisory_lock(8130410208921554505)[0m
  [1m[35m (0.2ms)[0m  [1m[34mSELECT "schema_migrations"."version" FROM "schema_migrations" ORDER BY "schema_migrations"."version" ASC[0m
Migrating to CreateItems (20190910152903)
  [1m[35m (0.2ms)[0m  [1m[35mBEGIN[0m
  [1m[35m (29.2ms)[0m  [1m[35mDROP TABLE "items"[0m
  [1m[36mprimary::SchemaMigration Destroy (24.6ms)[0m  [1m[31mDELETE FROM "schema_migrations" WHERE "schema_migrations"."version" = $1[0m  [["version", "20190910152903"]]
  [1m[35m (8.8ms)[0m  [1m[35mCOMMIT[0m
  [1m[35m (0.3ms)[0m  [1m[34mSELECT pg_advisory_unlock(8130410208921554505)[0m
  [1m[35m (1.0ms)[0m  [1m[34mSELECT "schema_migrations"."version" FROM "schema_migrations" ORDER BY "schema_migrations"."version" ASC[0m
  [1m[35m (0.2ms)[0m  [1m[34mSELECT pg_try_advisory_lock(8130410208921554505)[0m
  [1m[35m (0.9ms)[0m  [1m[34mSELECT "schema_migrations"."version" FROM "schema_migrations" ORDER BY "schema_migrations"."version" ASC[0m
Migrating to CreateItems (20190910152903)
  [1m[35m (0.2ms)[0m  [1m[35mBEGIN[0m
  [1m[35m (24.7ms)[0m  [1m[35mCREATE TABLE "items" ("id" bigserial primary key, "food" boolean, "clothes" boolean, "photo" boolean, "axe" boolean, "painting" boolean, "head" boolean, "created_at" timestamp(6) NOT NULL, "updated_at" timestamp(6) NOT NULL)[0m
  [1m[36mprimary::SchemaMigration Create (0.5ms)[0m  [1m[32mINSERT INTO "schema_migrations" ("version") VALUES ($1) RETURNING "version"[0m  [["version", "20190910152903"]]
  [1m[35m (0.8ms)[0m  [1m[35mCOMMIT[0m
  [1m[36mActiveRecord::InternalMetadata Load (6.7ms)[0m  [1m[34mSELECT "ar_internal_metadata".* FROM "ar_internal_metadata" WHERE "ar_internal_metadata"."key" = $1 LIMIT $2[0m  [["key", "environment"], ["LIMIT", 1]]
  [1m[35m (0.4ms)[0m  [1m[34mSELECT pg_advisory_unlock(8130410208921554505)[0m
  [1m[35m (0.6ms)[0m  [1m[34mSELECT "schema_migrations"."version" FROM "schema_migrations" ORDER BY "schema_migrations"."version" ASC[0m
  [1m[35m (1.0ms)[0m  [1m[34mSELECT "schema_migrations"."version" FROM "schema_migrations" ORDER BY "schema_migrations"."version" ASC[0m
  [1m[35m (0.4ms)[0m  [1m[34mSELECT "schema_migrations"."version" FROM "schema_migrations" ORDER BY "schema_migrations"."version" ASC[0m
  [1m[35m (0.3ms)[0m  [1m[34mSELECT "schema_migrations"."version" FROM "schema_migrations" ORDER BY "schema_migrations"."version" ASC[0m
  [1m[35m (0.2ms)[0m  [1m[34mSELECT pg_try_advisory_lock(8130410208921554505)[0m
  [1m[35m (0.3ms)[0m  [1m[34mSELECT "schema_migrations"."version" FROM "schema_migrations" ORDER BY "schema_migrations"."version" ASC[0m
Migrating to CreateItems (20190910152903)
  [1m[35m (0.3ms)[0m  [1m[35mBEGIN[0m
  [1m[35m (12.3ms)[0m  [1m[35mDROP TABLE "items"[0m
  [1m[36mprimary::SchemaMigration Destroy (0.6ms)[0m  [1m[31mDELETE FROM "schema_migrations" WHERE "schema_migrations"."version" = $1[0m  [["version", "20190910152903"]]
  [1m[35m (25.1ms)[0m  [1m[35mCOMMIT[0m
  [1m[35m (0.3ms)[0m  [1m[34mSELECT pg_advisory_unlock(8130410208921554505)[0m
  [1m[35m (0.6ms)[0m  [1m[34mSELECT "schema_migrations"."version" FROM "schema_migrations" ORDER BY "schema_migrations"."version" ASC[0m
  [1m[35m (0.2ms)[0m  [1m[34mSELECT pg_try_advisory_lock(8130410208921554505)[0m
  [1m[35m (0.6ms)[0m  [1m[34mSELECT "schema_migrations"."version" FROM "schema_migrations" ORDER BY "schema_migrations"."version" ASC[0m
Migrating to CreateItems (20190910152903)
  [1m[35m (0.2ms)[0m  [1m[35mBEGIN[0m
  [1m[35m (30.5ms)[0m  [1m[35mCREATE TABLE "items" ("id" bigserial primary key, "food" boolean, "clothes" boolean, "photo" boolean, "axe" boolean, "painting" boolean, "head" boolean, "created_at" timestamp(6) NOT NULL, "updated_at" timestamp(6) NOT NULL)[0m
  [1m[36mprimary::SchemaMigration Create (0.4ms)[0m  [1m[32mINSERT INTO "schema_migrations" ("version") VALUES ($1) RETURNING "version"[0m  [["version", "20190910152903"]]
  [1m[35m (0.5ms)[0m  [1m[35mCOMMIT[0m
  [1m[36mActiveRecord::InternalMetadata Load (0.7ms)[0m  [1m[34mSELECT "ar_internal_metadata".* FROM "ar_internal_metadata" WHERE "ar_internal_metadata"."key" = $1 LIMIT $2[0m  [["key", "environment"], ["LIMIT", 1]]
  [1m[35m (1.2ms)[0m  [1m[34mSELECT pg_advisory_unlock(8130410208921554505)[0m
  [1m[35m (0.6ms)[0m  [1m[34mSELECT "schema_migrations"."version" FROM "schema_migrations" ORDER BY "schema_migrations"."version" ASC[0m
  [1m[35m (0.6ms)[0m  [1m[34mSELECT "schema_migrations"."version" FROM "schema_migrations" ORDER BY "schema_migrations"."version" ASC[0m
  [1m[35m (0.4ms)[0m  [1m[34mSELECT "schema_migrations"."version" FROM "schema_migrations" ORDER BY "schema_migrations"."version" ASC[0m
  [1m[35m (0.2ms)[0m  [1m[34mSELECT "schema_migrations"."version" FROM "schema_migrations" ORDER BY "schema_migrations"."version" ASC[0m
  [1m[35m (0.2ms)[0m  [1m[34mSELECT pg_try_advisory_lock(8130410208921554505)[0m
  [1m[35m (0.2ms)[0m  [1m[34mSELECT "schema_migrations"."version" FROM "schema_migrations" ORDER BY "schema_migrations"."version" ASC[0m
Migrating to CreateItems (20190910152903)
  [1m[35m (0.2ms)[0m  [1m[35mBEGIN[0m
  [1m[35m (1.1ms)[0m  [1m[35mDROP TABLE "items"[0m
  [1m[36mprimary::SchemaMigration Destroy (0.5ms)[0m  [1m[31mDELETE FROM "schema_migrations" WHERE "schema_migrations"."version" = $1[0m  [["version", "20190910152903"]]
  [1m[35m (7.0ms)[0m  [1m[35mCOMMIT[0m
  [1m[35m (0.2ms)[0m  [1m[34mSELECT pg_advisory_unlock(8130410208921554505)[0m
  [1m[35m (0.6ms)[0m  [1m[34mSELECT "schema_migrations"."version" FROM "schema_migrations" ORDER BY "schema_migrations"."version" ASC[0m
  [1m[35m (0.2ms)[0m  [1m[34mSELECT pg_try_advisory_lock(8130410208921554505)[0m
  [1m[35m (0.7ms)[0m  [1m[34mSELECT "schema_migrations"."version" FROM "schema_migrations" ORDER BY "schema_migrations"."version" ASC[0m
Migrating to CreateItems (20190910152903)
  [1m[35m (0.2ms)[0m  [1m[35mBEGIN[0m
  [1m[35m (4.2ms)[0m  [1m[35mCREATE TABLE "items" ("id" bigserial primary key, "food" boolean, "clothes" boolean, "photo" boolean, "axe" boolean, "painting" boolean, "head" boolean, "created_at" timestamp(6) NOT NULL, "updated_at" timestamp(6) NOT NULL)[0m
  [1m[36mprimary::SchemaMigration Create (0.3ms)[0m  [1m[32mINSERT INTO "schema_migrations" ("version") VALUES ($1) RETURNING "version"[0m  [["version", "20190910152903"]]
  [1m[35m (1.2ms)[0m  [1m[35mCOMMIT[0m
  [1m[36mActiveRecord::InternalMetadata Load (0.3ms)[0m  [1m[34mSELECT "ar_internal_metadata".* FROM "ar_internal_metadata" WHERE "ar_internal_metadata"."key" = $1 LIMIT $2[0m  [["key", "environment"], ["LIMIT", 1]]
  [1m[35m (0.3ms)[0m  [1m[34mSELECT pg_advisory_unlock(8130410208921554505)[0m
  [1m[35m (0.7ms)[0m  [1m[34mSELECT "schema_migrations"."version" FROM "schema_migrations" ORDER BY "schema_migrations"."version" ASC[0m
  [1m[35m (0.6ms)[0m  [1m[34mSELECT "schema_migrations"."version" FROM "schema_migrations" ORDER BY "schema_migrations"."version" ASC[0m
  [1m[35m (0.3ms)[0m  [1m[34mSELECT "schema_migrations"."version" FROM "schema_migrations" ORDER BY "schema_migrations"."version" ASC[0m
  [1m[35m (0.2ms)[0m  [1m[34mSELECT "schema_migrations"."version" FROM "schema_migrations" ORDER BY "schema_migrations"."version" ASC[0m
  [1m[35m (0.2ms)[0m  [1m[34mSELECT pg_try_advisory_lock(8130410208921554505)[0m
  [1m[35m (0.3ms)[0m  [1m[34mSELECT "schema_migrations"."version" FROM "schema_migrations" ORDER BY "schema_migrations"."version" ASC[0m
Migrating to CreateItems (20190910152903)
  [1m[35m (0.2ms)[0m  [1m[35mBEGIN[0m
  [1m[35m (1.1ms)[0m  [1m[35mDROP TABLE "items"[0m
  [1m[36mprimary::SchemaMigration Destroy (0.5ms)[0m  [1m[31mDELETE FROM "schema_migrations" WHERE "schema_migrations"."version" = $1[0m  [["version", "20190910152903"]]
  [1m[35m (2.3ms)[0m  [1m[35mCOMMIT[0m
  [1m[35m (0.3ms)[0m  [1m[34mSELECT pg_advisory_unlock(8130410208921554505)[0m
  [1m[35m (0.7ms)[0m  [1m[34mSELECT "schema_migrations"."version" FROM "schema_migrations" ORDER BY "schema_migrations"."version" ASC[0m
  [1m[35m (0.2ms)[0m  [1m[34mSELECT pg_try_advisory_lock(8130410208921554505)[0m
  [1m[35m (0.6ms)[0m  [1m[34mSELECT "schema_migrations"."version" FROM "schema_migrations" ORDER BY "schema_migrations"."version" ASC[0m
Migrating to CreateItems (20190910152903)
  [1m[35m (0.2ms)[0m  [1m[35mBEGIN[0m
  [1m[35m (3.1ms)[0m  [1m[35mCREATE TABLE "items" ("id" bigserial primary key, "food" boolean, "clothes" boolean, "photo" boolean, "axe" boolean, "painting" boolean, "head" boolean, "created_at" timestamp(6) NOT NULL, "updated_at" timestamp(6) NOT NULL)[0m
  [1m[36mprimary::SchemaMigration Create (0.4ms)[0m  [1m[32mINSERT INTO "schema_migrations" ("version") VALUES ($1) RETURNING "version"[0m  [["version", "20190910152903"]]
  [1m[35m (0.5ms)[0m  [1m[35mCOMMIT[0m
  [1m[36mActiveRecord::InternalMetadata Load (0.4ms)[0m  [1m[34mSELECT "ar_internal_metadata".* FROM "ar_internal_metadata" WHERE "ar_internal_metadata"."key" = $1 LIMIT $2[0m  [["key", "environment"], ["LIMIT", 1]]
  [1m[35m (0.4ms)[0m  [1m[34mSELECT pg_advisory_unlock(8130410208921554505)[0m
  [1m[35m (1.0ms)[0m  [1m[34mSELECT "schema_migrations"."version" FROM "schema_migrations" ORDER BY "schema_migrations"."version" ASC[0m
  [1m[35m (0.2ms)[0m  [1m[34mSELECT pg_try_advisory_lock(8130410208921554505)[0m
  [1m[35m (0.6ms)[0m  [1m[34mSELECT "schema_migrations"."version" FROM "schema_migrations" ORDER BY "schema_migrations"."version" ASC[0m
  [1m[36mActiveRecord::InternalMetadata Load (0.4ms)[0m  [1m[34mSELECT "ar_internal_metadata".* FROM "ar_internal_metadata" WHERE "ar_internal_metadata"."key" = $1 LIMIT $2[0m  [["key", "environment"], ["LIMIT", 1]]
  [1m[35m (0.3ms)[0m  [1m[34mSELECT pg_advisory_unlock(8130410208921554505)[0m
  [1m[35m (0.6ms)[0m  [1m[34mSELECT "schema_migrations"."version" FROM "schema_migrations" ORDER BY "schema_migrations"."version" ASC[0m
  [1m[35m (0.7ms)[0m  [1m[34mSELECT "schema_migrations"."version" FROM "schema_migrations" ORDER BY "schema_migrations"."version" ASC[0m
  [1m[35m (0.4ms)[0m  [1m[34mSELECT "schema_migrations"."version" FROM "schema_migrations" ORDER BY "schema_migrations"."version" ASC[0m
  [1m[35m (0.2ms)[0m  [1m[34mSELECT "schema_migrations"."version" FROM "schema_migrations" ORDER BY "schema_migrations"."version" ASC[0m
  [1m[35m (0.2ms)[0m  [1m[34mSELECT pg_try_advisory_lock(8130410208921554505)[0m
  [1m[35m (0.2ms)[0m  [1m[34mSELECT "schema_migrations"."version" FROM "schema_migrations" ORDER BY "schema_migrations"."version" ASC[0m
Migrating to CreateItems (20190910152903)
  [1m[35m (0.2ms)[0m  [1m[35mBEGIN[0m
  [1m[35m (7.1ms)[0m  [1m[35mDROP TABLE "items"[0m
  [1m[36mprimary::SchemaMigration Destroy (0.5ms)[0m  [1m[31mDELETE FROM "schema_migrations" WHERE "schema_migrations"."version" = $1[0m  [["version", "20190910152903"]]
  [1m[35m (6.8ms)[0m  [1m[35mCOMMIT[0m
  [1m[35m (0.4ms)[0m  [1m[34mSELECT pg_advisory_unlock(8130410208921554505)[0m
  [1m[35m (1.2ms)[0m  [1m[34mSELECT "schema_migrations"."version" FROM "schema_migrations" ORDER BY "schema_migrations"."version" ASC[0m
  [1m[35m (0.2ms)[0m  [1m[34mSELECT pg_try_advisory_lock(8130410208921554505)[0m
  [1m[35m (0.6ms)[0m  [1m[34mSELECT "schema_migrations"."version" FROM "schema_migrations" ORDER BY "schema_migrations"."version" ASC[0m
Migrating to CreateItems (20190910152903)
  [1m[35m (0.2ms)[0m  [1m[35mBEGIN[0m
  [1m[35m (29.5ms)[0m  [1m[35mCREATE TABLE "items" ("id" bigserial primary key, "food" boolean DEFAULT FALSE, "clothes" boolean DEFAULT FALSE, "photo" boolean DEFAULT FALSE, "axe" boolean DEFAULT FALSE, "painting" boolean DEFAULT FALSE, "head" boolean DEFAULT FALSE, "created_at" timestamp(6) NOT NULL, "updated_at" timestamp(6) NOT NULL)[0m
  [1m[36mprimary::SchemaMigration Create (0.4ms)[0m  [1m[32mINSERT INTO "schema_migrations" ("version") VALUES ($1) RETURNING "version"[0m  [["version", "20190910152903"]]
  [1m[35m (0.6ms)[0m  [1m[35mCOMMIT[0m
  [1m[36mActiveRecord::InternalMetadata Load (0.3ms)[0m  [1m[34mSELECT "ar_internal_metadata".* FROM "ar_internal_metadata" WHERE "ar_internal_metadata"."key" = $1 LIMIT $2[0m  [["key", "environment"], ["LIMIT", 1]]
  [1m[35m (0.2ms)[0m  [1m[34mSELECT pg_advisory_unlock(8130410208921554505)[0m
  [1m[35m (0.6ms)[0m  [1m[34mSELECT "schema_migrations"."version" FROM "schema_migrations" ORDER BY "schema_migrations"."version" ASC[0m
Started GET "/" for ::1 at 2019-09-10 15:19:14 -0400
  [1m[35m (0.7ms)[0m  [1m[34mSELECT "schema_migrations"."version" FROM "schema_migrations" ORDER BY "schema_migrations"."version" ASC[0m
Processing by Rails::WelcomeController#index as HTML
  Rendering /Users/ruby/.rbenv/versions/2.6.3/lib/ruby/gems/2.6.0/gems/railties-6.0.0/lib/rails/templates/rails/welcome/index.html.erb
  Rendered /Users/ruby/.rbenv/versions/2.6.3/lib/ruby/gems/2.6.0/gems/railties-6.0.0/lib/rails/templates/rails/welcome/index.html.erb (Duration: 10.6ms | Allocations: 490)
Completed 200 OK in 27ms (Views: 21.3ms | ActiveRecord: 0.0ms | Allocations: 2702)


Started GET "/index" for ::1 at 2019-09-10 15:19:57 -0400
  
ActionController::RoutingError (No route matches [GET] "/index"):
  
actionpack (6.0.0) lib/action_dispatch/middleware/debug_exceptions.rb:36:in `call'
actionpack (6.0.0) lib/action_dispatch/middleware/show_exceptions.rb:33:in `call'
railties (6.0.0) lib/rails/rack/logger.rb:38:in `call_app'
railties (6.0.0) lib/rails/rack/logger.rb:26:in `block in call'
activesupport (6.0.0) lib/active_support/tagged_logging.rb:80:in `block in tagged'
activesupport (6.0.0) lib/active_support/tagged_logging.rb:28:in `tagged'
activesupport (6.0.0) lib/active_support/tagged_logging.rb:80:in `tagged'
railties (6.0.0) lib/rails/rack/logger.rb:26:in `call'
actionpack (6.0.0) lib/action_dispatch/middleware/remote_ip.rb:81:in `call'
actionpack (6.0.0) lib/action_dispatch/middleware/request_id.rb:27:in `call'
rack (2.0.7) lib/rack/runtime.rb:22:in `call'
activesupport (6.0.0) lib/active_support/cache/strategy/local_cache_middleware.rb:29:in `call'
actionpack (6.0.0) lib/action_dispatch/middleware/executor.rb:14:in `call'
actionpack (6.0.0) lib/action_dispatch/middleware/static.rb:126:in `call'
rack (2.0.7) lib/rack/sendfile.rb:111:in `call'
actionpack (6.0.0) lib/action_dispatch/middleware/host_authorization.rb:83:in `call'
railties (6.0.0) lib/rails/engine.rb:526:in `call'
puma (3.12.1) lib/puma/configuration.rb:227:in `call'
puma (3.12.1) lib/puma/server.rb:660:in `handle_request'
puma (3.12.1) lib/puma/server.rb:474:in `process_client'
puma (3.12.1) lib/puma/server.rb:334:in `block in run'
puma (3.12.1) lib/puma/thread_pool.rb:135:in `block in spawn_thread'
Started GET "/items" for ::1 at 2019-09-10 15:19:58 -0400
Processing by ItemsController#index as HTML
  [1m[36mItem Load (18.9ms)[0m  [1m[34mSELECT "items".* FROM "items"[0m
  ↳ app/controllers/items_controller.rb:8:in `index'
Completed 200 OK in 45ms (Views: 13.0ms | ActiveRecord: 24.8ms | Allocations: 2887)


Started GET "/items" for ::1 at 2019-09-10 16:00:32 -0400
Processing by ItemsController#index as HTML
  [1m[36mItem Load (0.6ms)[0m  [1m[34mSELECT "items".* FROM "items"[0m
  ↳ app/controllers/items_controller.rb:7:in `puts'
Completed 200 OK in 5ms (Views: 0.1ms | ActiveRecord: 0.6ms | Allocations: 1333)


Started GET "/items" for ::1 at 2019-09-10 16:02:24 -0400
Processing by ItemsController#index as HTML
  [1m[36mItem Load (0.4ms)[0m  [1m[34mSELECT "items".* FROM "items"[0m
  ↳ app/controllers/items_controller.rb:7:in `puts'
Completed 200 OK in 7ms (Views: 0.2ms | ActiveRecord: 3.2ms | Allocations: 1511)


  [1m[36mItem Load (0.4ms)[0m  [1m[34mSELECT "items".* FROM "items" LIMIT $1[0m  [["LIMIT", 11]]
Started GET "/items" for ::1 at 2019-09-10 16:06:32 -0400
Processing by ItemsController#index as HTML
  [1m[36mItem Load (0.4ms)[0m  [1m[34mSELECT "items".* FROM "items"[0m
  ↳ app/controllers/items_controller.rb:7:in `puts'
Completed 500 Internal Server Error in 6ms (ActiveRecord: 1.8ms | Allocations: 1481)


  
TypeError ({:json=>{:items=>#<ActiveRecord::Relation []>}} is not a symbol nor a string):
  
app/controllers/items_controller.rb:8:in `index'
Started GET "/items" for ::1 at 2019-09-10 16:07:02 -0400
Processing by ItemsController#index as HTML
  [1m[36mItem Load (0.3ms)[0m  [1m[34mSELECT "items".* FROM "items"[0m
  ↳ app/controllers/items_controller.rb:7:in `puts'
Completed 500 Internal Server Error in 8ms (ActiveRecord: 4.4ms | Allocations: 1473)


  
TypeError ({:json=>#<ActiveRecord::Relation []>} is not a symbol nor a string):
  
app/controllers/items_controller.rb:8:in `index'
Started GET "/items" for ::1 at 2019-09-10 16:07:32 -0400
Processing by ItemsController#index as HTML
  [1m[36mItem Load (0.4ms)[0m  [1m[34mSELECT "items".* FROM "items"[0m
  ↳ app/controllers/items_controller.rb:7:in `index'
Completed 200 OK in 7ms (Views: 3.3ms | ActiveRecord: 2.3ms | Allocations: 1619)


  [1m[35m (7.2ms)[0m  [1m[34mSELECT "schema_migrations"."version" FROM "schema_migrations" ORDER BY "schema_migrations"."version" ASC[0m
  [1m[35m (0.3ms)[0m  [1m[34mSELECT "schema_migrations"."version" FROM "schema_migrations" ORDER BY "schema_migrations"."version" ASC[0m
  [1m[35m (0.2ms)[0m  [1m[34mSELECT "schema_migrations"."version" FROM "schema_migrations" ORDER BY "schema_migrations"."version" ASC[0m
  [1m[35m (0.2ms)[0m  [1m[34mSELECT pg_try_advisory_lock(8130410208921554505)[0m
  [1m[35m (0.2ms)[0m  [1m[34mSELECT "schema_migrations"."version" FROM "schema_migrations" ORDER BY "schema_migrations"."version" ASC[0m
Migrating to CreateItems (20190910152903)
  [1m[35m (0.2ms)[0m  [1m[35mBEGIN[0m
  [1m[35m (9.5ms)[0m  [1m[35mDROP TABLE "items"[0m
  [1m[36mprimary::SchemaMigration Destroy (0.5ms)[0m  [1m[31mDELETE FROM "schema_migrations" WHERE "schema_migrations"."version" = $1[0m  [["version", "20190910152903"]]
  [1m[35m (44.4ms)[0m  [1m[35mCOMMIT[0m
  [1m[35m (0.3ms)[0m  [1m[34mSELECT pg_advisory_unlock(8130410208921554505)[0m
  [1m[35m (0.6ms)[0m  [1m[34mSELECT "schema_migrations"."version" FROM "schema_migrations" ORDER BY "schema_migrations"."version" ASC[0m
  [1m[35m (0.2ms)[0m  [1m[34mSELECT pg_try_advisory_lock(8130410208921554505)[0m
  [1m[35m (0.7ms)[0m  [1m[34mSELECT "schema_migrations"."version" FROM "schema_migrations" ORDER BY "schema_migrations"."version" ASC[0m
Migrating to CreateItems (20190910152903)
  [1m[35m (0.2ms)[0m  [1m[35mBEGIN[0m
  [1m[35m (36.5ms)[0m  [1m[35mCREATE TABLE "items" ("id" bigserial primary key, "food" boolean DEFAULT FALSE, "clothes" boolean DEFAULT FALSE, "photo" boolean DEFAULT FALSE, "axe" boolean DEFAULT FALSE, "painting" boolean DEFAULT FALSE, "head" boolean DEFAULT FALSE, "created_at" timestamp(6) NOT NULL, "updated_at" timestamp(6) NOT NULL)[0m
  [1m[36mprimary::SchemaMigration Create (0.6ms)[0m  [1m[32mINSERT INTO "schema_migrations" ("version") VALUES ($1) RETURNING "version"[0m  [["version", "20190910152903"]]
  [1m[35m (1.2ms)[0m  [1m[35mCOMMIT[0m
  [1m[36mActiveRecord::InternalMetadata Load (0.4ms)[0m  [1m[34mSELECT "ar_internal_metadata".* FROM "ar_internal_metadata" WHERE "ar_internal_metadata"."key" = $1 LIMIT $2[0m  [["key", "environment"], ["LIMIT", 1]]
  [1m[35m (0.2ms)[0m  [1m[34mSELECT pg_advisory_unlock(8130410208921554505)[0m
  [1m[35m (0.6ms)[0m  [1m[34mSELECT "schema_migrations"."version" FROM "schema_migrations" ORDER BY "schema_migrations"."version" ASC[0m
Started GET "/items" for ::1 at 2019-09-10 16:09:50 -0400
  [1m[35m (0.6ms)[0m  [1m[34mSELECT "schema_migrations"."version" FROM "schema_migrations" ORDER BY "schema_migrations"."version" ASC[0m
Processing by ItemsController#index as HTML
  [1m[36mItem Load (0.7ms)[0m  [1m[34mSELECT "items".* FROM "items"[0m
  ↳ app/controllers/items_controller.rb:7:in `index'
Completed 200 OK in 8ms (Views: 2.1ms | ActiveRecord: 2.3ms | Allocations: 1614)


  [1m[36mItem Load (0.4ms)[0m  [1m[34mSELECT "items".* FROM "items" LIMIT $1[0m  [["LIMIT", 11]]
  [1m[35m (1.1ms)[0m  [1m[34mSELECT "schema_migrations"."version" FROM "schema_migrations" ORDER BY "schema_migrations"."version" ASC[0m
  [1m[35m (0.3ms)[0m  [1m[34mSELECT "schema_migrations"."version" FROM "schema_migrations" ORDER BY "schema_migrations"."version" ASC[0m
  [1m[35m (2.8ms)[0m  [1m[34mSELECT "schema_migrations"."version" FROM "schema_migrations" ORDER BY "schema_migrations"."version" ASC[0m
  [1m[35m (0.2ms)[0m  [1m[34mSELECT pg_try_advisory_lock(8130410208921554505)[0m
  [1m[35m (0.2ms)[0m  [1m[34mSELECT "schema_migrations"."version" FROM "schema_migrations" ORDER BY "schema_migrations"."version" ASC[0m
Migrating to CreateItems (20190910152903)
  [1m[35m (0.2ms)[0m  [1m[35mBEGIN[0m
  [1m[35m (24.3ms)[0m  [1m[35mDROP TABLE "items"[0m
  [1m[36mprimary::SchemaMigration Destroy (0.5ms)[0m  [1m[31mDELETE FROM "schema_migrations" WHERE "schema_migrations"."version" = $1[0m  [["version", "20190910152903"]]
  [1m[35m (7.7ms)[0m  [1m[35mCOMMIT[0m
  [1m[35m (0.3ms)[0m  [1m[34mSELECT pg_advisory_unlock(8130410208921554505)[0m
  [1m[35m (0.7ms)[0m  [1m[34mSELECT "schema_migrations"."version" FROM "schema_migrations" ORDER BY "schema_migrations"."version" ASC[0m
  [1m[35m (0.2ms)[0m  [1m[34mSELECT pg_try_advisory_lock(8130410208921554505)[0m
  [1m[35m (0.7ms)[0m  [1m[34mSELECT "schema_migrations"."version" FROM "schema_migrations" ORDER BY "schema_migrations"."version" ASC[0m
Migrating to CreateItems (20190910152903)
  [1m[35m (0.2ms)[0m  [1m[35mBEGIN[0m
  [1m[35m (25.0ms)[0m  [1m[35mCREATE TABLE "items" ("id" bigserial primary key, "name" character varying, "found" boolean DEFAULT FALSE, "created_at" timestamp(6) NOT NULL, "updated_at" timestamp(6) NOT NULL)[0m
  [1m[36mprimary::SchemaMigration Create (0.4ms)[0m  [1m[32mINSERT INTO "schema_migrations" ("version") VALUES ($1) RETURNING "version"[0m  [["version", "20190910152903"]]
  [1m[35m (1.7ms)[0m  [1m[35mCOMMIT[0m
  [1m[36mActiveRecord::InternalMetadata Load (0.4ms)[0m  [1m[34mSELECT "ar_internal_metadata".* FROM "ar_internal_metadata" WHERE "ar_internal_metadata"."key" = $1 LIMIT $2[0m  [["key", "environment"], ["LIMIT", 1]]
  [1m[35m (0.3ms)[0m  [1m[34mSELECT pg_advisory_unlock(8130410208921554505)[0m
  [1m[35m (0.6ms)[0m  [1m[34mSELECT "schema_migrations"."version" FROM "schema_migrations" ORDER BY "schema_migrations"."version" ASC[0m
  [1m[35m (0.6ms)[0m  [1m[34mSELECT "schema_migrations"."version" FROM "schema_migrations" ORDER BY "schema_migrations"."version" ASC[0m
  [1m[35m (0.2ms)[0m  [1m[35mBEGIN[0m
  [1m[36mItem Create (7.8ms)[0m  [1m[32mINSERT INTO "items" ("name", "created_at", "updated_at") VALUES ($1, $2, $3) RETURNING "id"[0m  [["name", "food"], ["created_at", "2019-09-10 20:19:47.550071"], ["updated_at", "2019-09-10 20:19:47.550071"]]
  [1m[35m (0.9ms)[0m  [1m[35mCOMMIT[0m
  [1m[35m (0.1ms)[0m  [1m[35mBEGIN[0m
  [1m[36mItem Create (0.3ms)[0m  [1m[32mINSERT INTO "items" ("name", "created_at", "updated_at") VALUES ($1, $2, $3) RETURNING "id"[0m  [["name", "clothes"], ["created_at", "2019-09-10 20:19:47.563830"], ["updated_at", "2019-09-10 20:19:47.563830"]]
  [1m[35m (0.3ms)[0m  [1m[35mCOMMIT[0m
  [1m[35m (0.1ms)[0m  [1m[35mBEGIN[0m
  [1m[36mItem Create (0.3ms)[0m  [1m[32mINSERT INTO "items" ("name", "created_at", "updated_at") VALUES ($1, $2, $3) RETURNING "id"[0m  [["name", "photo"], ["created_at", "2019-09-10 20:19:47.567649"], ["updated_at", "2019-09-10 20:19:47.567649"]]
  [1m[35m (0.4ms)[0m  [1m[35mCOMMIT[0m
  [1m[35m (0.1ms)[0m  [1m[35mBEGIN[0m
  [1m[36mItem Create (0.3ms)[0m  [1m[32mINSERT INTO "items" ("name", "created_at", "updated_at") VALUES ($1, $2, $3) RETURNING "id"[0m  [["name", "axe"], ["created_at", "2019-09-10 20:19:47.571418"], ["updated_at", "2019-09-10 20:19:47.571418"]]
  [1m[35m (0.4ms)[0m  [1m[35mCOMMIT[0m
  [1m[35m (0.2ms)[0m  [1m[35mBEGIN[0m
  [1m[36mItem Create (0.4ms)[0m  [1m[32mINSERT INTO "items" ("name", "created_at", "updated_at") VALUES ($1, $2, $3) RETURNING "id"[0m  [["name", "painting"], ["created_at", "2019-09-10 20:19:47.575247"], ["updated_at", "2019-09-10 20:19:47.575247"]]
  [1m[35m (0.4ms)[0m  [1m[35mCOMMIT[0m
  [1m[35m (0.2ms)[0m  [1m[35mBEGIN[0m
  [1m[36mItem Create (0.3ms)[0m  [1m[32mINSERT INTO "items" ("name", "created_at", "updated_at") VALUES ($1, $2, $3) RETURNING "id"[0m  [["name", "head"], ["created_at", "2019-09-10 20:19:47.594328"], ["updated_at", "2019-09-10 20:19:47.594328"]]
  [1m[35m (0.4ms)[0m  [1m[35mCOMMIT[0m
  [1m[36mItem Load (0.4ms)[0m  [1m[34mSELECT "items".* FROM "items" LIMIT $1[0m  [["LIMIT", 11]]
Started GET "/items" for ::1 at 2019-09-10 16:20:40 -0400
  [1m[35m (0.6ms)[0m  [1m[34mSELECT "schema_migrations"."version" FROM "schema_migrations" ORDER BY "schema_migrations"."version" ASC[0m
Processing by ItemsController#index as HTML
  [1m[36mItem Load (0.5ms)[0m  [1m[34mSELECT "items".* FROM "items"[0m
  ↳ app/controllers/items_controller.rb:7:in `index'
Completed 200 OK in 16ms (Views: 9.6ms | ActiveRecord: 5.2ms | Allocations: 7631)


Started GET "/items" for ::1 at 2019-09-11 11:41:25 -0400
Processing by ItemsController#index as HTML
  [1m[36mItem Load (33.2ms)[0m  [1m[34mSELECT "items".* FROM "items"[0m
  ↳ app/controllers/items_controller.rb:7:in `index'
Completed 200 OK in 57ms (Views: 18.7ms | ActiveRecord: 33.2ms | Allocations: 1623)


  [1m[35m (2.1ms)[0m  [1m[34mSELECT pg_try_advisory_lock(8130410208921554505)[0m
  [1m[35m (2.1ms)[0m  [1m[34mSELECT "schema_migrations"."version" FROM "schema_migrations" ORDER BY "schema_migrations"."version" ASC[0m
Migrating to CreateStories (20190911163917)
  [1m[35m (0.2ms)[0m  [1m[35mBEGIN[0m
  [1m[35m (46.3ms)[0m  [1m[35mCREATE TABLE "stories" ("id" bigserial primary key, "paragraph" character varying, "created_at" timestamp(6) NOT NULL, "updated_at" timestamp(6) NOT NULL)[0m
  [1m[36mprimary::SchemaMigration Create (1.0ms)[0m  [1m[32mINSERT INTO "schema_migrations" ("version") VALUES ($1) RETURNING "version"[0m  [["version", "20190911163917"]]
  [1m[35m (1.0ms)[0m  [1m[35mCOMMIT[0m
Migrating to CreateResponses (20190911165018)
  [1m[35m (6.2ms)[0m  [1m[35mBEGIN[0m
  [1m[35m (25.7ms)[0m  [1m[35mCREATE TABLE "responses" ("id" bigserial primary key, "paragraph" integer, "response" character varying)[0m
  [1m[36mprimary::SchemaMigration Create (0.3ms)[0m  [1m[32mINSERT INTO "schema_migrations" ("version") VALUES ($1) RETURNING "version"[0m  [["version", "20190911165018"]]
  [1m[35m (0.5ms)[0m  [1m[35mCOMMIT[0m
  [1m[36mActiveRecord::InternalMetadata Load (29.0ms)[0m  [1m[34mSELECT "ar_internal_metadata".* FROM "ar_internal_metadata" WHERE "ar_internal_metadata"."key" = $1 LIMIT $2[0m  [["key", "environment"], ["LIMIT", 1]]
  [1m[35m (0.3ms)[0m  [1m[34mSELECT pg_advisory_unlock(8130410208921554505)[0m
  [1m[35m (0.7ms)[0m  [1m[34mSELECT "schema_migrations"."version" FROM "schema_migrations" ORDER BY "schema_migrations"."version" ASC[0m
  [1m[35m (0.3ms)[0m  [1m[34mSELECT pg_try_advisory_lock(8130410208921554505)[0m
  [1m[35m (1.6ms)[0m  [1m[34mSELECT "schema_migrations"."version" FROM "schema_migrations" ORDER BY "schema_migrations"."version" ASC[0m
Migrating to AddForeignKeyToResponses (20190911175518)
  [1m[35m (0.2ms)[0m  [1m[35mBEGIN[0m
  [1m[35m (27.0ms)[0m  [1m[35mALTER TABLE "responses" ADD "location_id" integer[0m
  [1m[36mprimary::SchemaMigration Create (1.5ms)[0m  [1m[32mINSERT INTO "schema_migrations" ("version") VALUES ($1) RETURNING "version"[0m  [["version", "20190911175518"]]
  [1m[35m (0.5ms)[0m  [1m[35mCOMMIT[0m
  [1m[36mActiveRecord::InternalMetadata Load (0.5ms)[0m  [1m[34mSELECT "ar_internal_metadata".* FROM "ar_internal_metadata" WHERE "ar_internal_metadata"."key" = $1 LIMIT $2[0m  [["key", "environment"], ["LIMIT", 1]]
  [1m[35m (0.4ms)[0m  [1m[34mSELECT pg_advisory_unlock(8130410208921554505)[0m
  [1m[35m (0.9ms)[0m  [1m[34mSELECT "schema_migrations"."version" FROM "schema_migrations" ORDER BY "schema_migrations"."version" ASC[0m
  [1m[35m (0.6ms)[0m  [1m[34mSELECT "schema_migrations"."version" FROM "schema_migrations" ORDER BY "schema_migrations"."version" ASC[0m
  [1m[35m (0.2ms)[0m  [1m[35mBEGIN[0m
  [1m[36mStory Create (2.2ms)[0m  [1m[32mINSERT INTO "stories" ("paragraph", "created_at", "updated_at") VALUES ($1, $2, $3) RETURNING "id"[0m  [["paragraph", "first paragraph"], ["created_at", "2019-09-11 18:33:22.773339"], ["updated_at", "2019-09-11 18:33:22.773339"]]
  [1m[35m (0.9ms)[0m  [1m[35mCOMMIT[0m
  [1m[35m (0.2ms)[0m  [1m[35mBEGIN[0m
  [1m[36mStory Create (0.3ms)[0m  [1m[32mINSERT INTO "stories" ("paragraph", "created_at", "updated_at") VALUES ($1, $2, $3) RETURNING "id"[0m  [["paragraph", "second paragraph"], ["created_at", "2019-09-11 18:33:22.780512"], ["updated_at", "2019-09-11 18:33:22.780512"]]
  [1m[35m (0.3ms)[0m  [1m[35mCOMMIT[0m
  [1m[35m (0.2ms)[0m  [1m[35mBEGIN[0m
  [1m[36mStory Create (0.3ms)[0m  [1m[32mINSERT INTO "stories" ("paragraph", "created_at", "updated_at") VALUES ($1, $2, $3) RETURNING "id"[0m  [["paragraph", "third paragraph"], ["created_at", "2019-09-11 18:33:22.784213"], ["updated_at", "2019-09-11 18:33:22.784213"]]
  [1m[35m (0.3ms)[0m  [1m[35mCOMMIT[0m
  [1m[35m (0.1ms)[0m  [1m[35mBEGIN[0m
  [1m[36mStory Create (0.3ms)[0m  [1m[32mINSERT INTO "stories" ("paragraph", "created_at", "updated_at") VALUES ($1, $2, $3) RETURNING "id"[0m  [["paragraph", "fourth paragraph"], ["created_at", "2019-09-11 18:33:22.788112"], ["updated_at", "2019-09-11 18:33:22.788112"]]
  [1m[35m (0.4ms)[0m  [1m[35mCOMMIT[0m
  [1m[35m (0.1ms)[0m  [1m[35mBEGIN[0m
  [1m[36mStory Create (0.2ms)[0m  [1m[32mINSERT INTO "stories" ("paragraph", "created_at", "updated_at") VALUES ($1, $2, $3) RETURNING "id"[0m  [["paragraph", "fifth paragraph"], ["created_at", "2019-09-11 18:33:22.806517"], ["updated_at", "2019-09-11 18:33:22.806517"]]
  [1m[35m (0.3ms)[0m  [1m[35mCOMMIT[0m
  [1m[36mStory Load (0.8ms)[0m  [1m[34mSELECT "stories".* FROM "stories" WHERE "stories"."id" = $1 LIMIT $2[0m  [["id", 1], ["LIMIT", 1]]
  [1m[36mStory Load (0.8ms)[0m  [1m[34mSELECT "stories".* FROM "stories" WHERE "stories"."id" = $1 LIMIT $2[0m  [["id", 1], ["LIMIT", 1]]
  [1m[35m (0.6ms)[0m  [1m[34mSELECT "schema_migrations"."version" FROM "schema_migrations" ORDER BY "schema_migrations"."version" ASC[0m
  [1m[35m (0.5ms)[0m  [1m[34mSELECT "ar_internal_metadata"."value" FROM "ar_internal_metadata" WHERE "ar_internal_metadata"."key" = $1[0m  [["key", "environment"]]
  [1m[35m (0.4ms)[0m  [1m[34mSELECT "schema_migrations"."version" FROM "schema_migrations" ORDER BY "schema_migrations"."version" ASC[0m
  [1m[35m (0.2ms)[0m  [1m[34mSELECT "ar_internal_metadata"."value" FROM "ar_internal_metadata" WHERE "ar_internal_metadata"."key" = $1[0m  [["key", "environment"]]
  [1m[35m (0.2ms)[0m  [1m[34mSELECT "schema_migrations"."version" FROM "schema_migrations" ORDER BY "schema_migrations"."version" ASC[0m
  [1m[35m (0.2ms)[0m  [1m[34mSELECT "ar_internal_metadata"."value" FROM "ar_internal_metadata" WHERE "ar_internal_metadata"."key" = $1[0m  [["key", "environment"]]
  [1m[35m (258.0ms)[0m  [1m[35mDROP DATABASE IF EXISTS "neko_app_api_development"[0m
  [1m[35m (215.2ms)[0m  [1m[35mDROP DATABASE IF EXISTS "neko_app_api_test"[0m
  [1m[35m (526.5ms)[0m  [1m[35mCREATE DATABASE "neko_app_api_development" ENCODING = 'unicode'[0m
  [1m[35m (427.4ms)[0m  [1m[35mCREATE DATABASE "neko_app_api_test" ENCODING = 'unicode'[0m
  [1m[35mSQL (1.0ms)[0m  [1m[35mCREATE EXTENSION IF NOT EXISTS "plpgsql"[0m
  [1m[35m (0.5ms)[0m  [1m[35mDROP TABLE IF EXISTS "items" CASCADE[0m
  [1m[35m (14.3ms)[0m  [1m[35mCREATE TABLE "items" ("id" bigserial primary key, "name" character varying, "found" boolean DEFAULT FALSE, "created_at" timestamp(6) NOT NULL, "updated_at" timestamp(6) NOT NULL)[0m
  [1m[35m (0.6ms)[0m  [1m[35mDROP TABLE IF EXISTS "responses" CASCADE[0m
  [1m[35m (5.2ms)[0m  [1m[35mCREATE TABLE "responses" ("id" bigserial primary key, "paragraph" integer, "response" character varying, "location_id" integer)[0m
  [1m[35m (0.4ms)[0m  [1m[35mDROP TABLE IF EXISTS "stories" CASCADE[0m
  [1m[35m (2.7ms)[0m  [1m[35mCREATE TABLE "stories" ("id" bigserial primary key, "paragraph" character varying, "created_at" timestamp(6) NOT NULL, "updated_at" timestamp(6) NOT NULL)[0m
  [1m[35m (2.7ms)[0m  [1m[35mCREATE TABLE "schema_migrations" ("version" character varying NOT NULL PRIMARY KEY)[0m
  [1m[35m (0.8ms)[0m  [1m[34mSELECT "schema_migrations"."version" FROM "schema_migrations" ORDER BY "schema_migrations"."version" ASC[0m
  [1m[35m (0.8ms)[0m  [1m[32mINSERT INTO "schema_migrations" (version) VALUES (20190911175518)[0m
  [1m[35m (0.5ms)[0m  [1m[32mINSERT INTO "schema_migrations" (version) VALUES
(20190910152903),
(20190911163917),
(20190911165018);

[0m
  [1m[35m (26.2ms)[0m  [1m[35mCREATE TABLE "ar_internal_metadata" ("key" character varying NOT NULL PRIMARY KEY, "value" character varying, "created_at" timestamp(6) NOT NULL, "updated_at" timestamp(6) NOT NULL)[0m
  [1m[36mActiveRecord::InternalMetadata Load (0.3ms)[0m  [1m[34mSELECT "ar_internal_metadata".* FROM "ar_internal_metadata" WHERE "ar_internal_metadata"."key" = $1 LIMIT $2[0m  [["key", "environment"], ["LIMIT", 1]]
  [1m[35m (0.2ms)[0m  [1m[35mBEGIN[0m
  [1m[36mActiveRecord::InternalMetadata Create (0.6ms)[0m  [1m[32mINSERT INTO "ar_internal_metadata" ("key", "value", "created_at", "updated_at") VALUES ($1, $2, $3, $4) RETURNING "key"[0m  [["key", "environment"], ["value", "development"], ["created_at", "2019-09-11 18:36:27.358654"], ["updated_at", "2019-09-11 18:36:27.358654"]]
  [1m[35m (0.3ms)[0m  [1m[35mCOMMIT[0m
  [1m[36mActiveRecord::InternalMetadata Load (0.2ms)[0m  [1m[34mSELECT "ar_internal_metadata".* FROM "ar_internal_metadata" WHERE "ar_internal_metadata"."key" = $1 LIMIT $2[0m  [["key", "environment"], ["LIMIT", 1]]
  [1m[36mActiveRecord::InternalMetadata Load (0.3ms)[0m  [1m[34mSELECT "ar_internal_metadata".* FROM "ar_internal_metadata" WHERE "ar_internal_metadata"."key" = $1 LIMIT $2[0m  [["key", "schema_sha1"], ["LIMIT", 1]]
  [1m[35m (0.1ms)[0m  [1m[35mBEGIN[0m
  [1m[36mActiveRecord::InternalMetadata Create (0.3ms)[0m  [1m[32mINSERT INTO "ar_internal_metadata" ("key", "value", "created_at", "updated_at") VALUES ($1, $2, $3, $4) RETURNING "key"[0m  [["key", "schema_sha1"], ["value", "4068296c470236cf561b96f653de8982cf1d46b1"], ["created_at", "2019-09-11 18:36:27.366543"], ["updated_at", "2019-09-11 18:36:27.366543"]]
  [1m[35m (0.3ms)[0m  [1m[35mCOMMIT[0m
  [1m[35mSQL (0.3ms)[0m  [1m[35mCREATE EXTENSION IF NOT EXISTS "plpgsql"[0m
  [1m[35m (0.2ms)[0m  [1m[35mDROP TABLE IF EXISTS "items" CASCADE[0m
  [1m[35m (9.0ms)[0m  [1m[35mCREATE TABLE "items" ("id" bigserial primary key, "name" character varying, "found" boolean DEFAULT FALSE, "created_at" timestamp(6) NOT NULL, "updated_at" timestamp(6) NOT NULL)[0m
  [1m[35m (0.3ms)[0m  [1m[35mDROP TABLE IF EXISTS "responses" CASCADE[0m
  [1m[35m (4.3ms)[0m  [1m[35mCREATE TABLE "responses" ("id" bigserial primary key, "paragraph" integer, "response" character varying, "location_id" integer)[0m
  [1m[35m (0.4ms)[0m  [1m[35mDROP TABLE IF EXISTS "stories" CASCADE[0m
  [1m[35m (2.7ms)[0m  [1m[35mCREATE TABLE "stories" ("id" bigserial primary key, "paragraph" character varying, "created_at" timestamp(6) NOT NULL, "updated_at" timestamp(6) NOT NULL)[0m
  [1m[35m (2.6ms)[0m  [1m[35mCREATE TABLE "schema_migrations" ("version" character varying NOT NULL PRIMARY KEY)[0m
  [1m[35m (0.5ms)[0m  [1m[34mSELECT "schema_migrations"."version" FROM "schema_migrations" ORDER BY "schema_migrations"."version" ASC[0m
  [1m[35m (0.7ms)[0m  [1m[32mINSERT INTO "schema_migrations" (version) VALUES (20190911175518)[0m
  [1m[35m (0.5ms)[0m  [1m[32mINSERT INTO "schema_migrations" (version) VALUES
(20190910152903),
(20190911163917),
(20190911165018);

[0m
  [1m[35m (2.7ms)[0m  [1m[35mCREATE TABLE "ar_internal_metadata" ("key" character varying NOT NULL PRIMARY KEY, "value" character varying, "created_at" timestamp(6) NOT NULL, "updated_at" timestamp(6) NOT NULL)[0m
  [1m[36mActiveRecord::InternalMetadata Load (0.3ms)[0m  [1m[34mSELECT "ar_internal_metadata".* FROM "ar_internal_metadata" WHERE "ar_internal_metadata"."key" = $1 LIMIT $2[0m  [["key", "environment"], ["LIMIT", 1]]
  [1m[35m (0.1ms)[0m  [1m[35mBEGIN[0m
  [1m[36mActiveRecord::InternalMetadata Create (0.4ms)[0m  [1m[32mINSERT INTO "ar_internal_metadata" ("key", "value", "created_at", "updated_at") VALUES ($1, $2, $3, $4) RETURNING "key"[0m  [["key", "environment"], ["value", "development"], ["created_at", "2019-09-11 18:36:27.453725"], ["updated_at", "2019-09-11 18:36:27.453725"]]
  [1m[35m (0.4ms)[0m  [1m[35mCOMMIT[0m
  [1m[36mActiveRecord::InternalMetadata Load (0.2ms)[0m  [1m[34mSELECT "ar_internal_metadata".* FROM "ar_internal_metadata" WHERE "ar_internal_metadata"."key" = $1 LIMIT $2[0m  [["key", "environment"], ["LIMIT", 1]]
  [1m[35m (0.1ms)[0m  [1m[35mBEGIN[0m
  [1m[36mActiveRecord::InternalMetadata Update (0.9ms)[0m  [1m[33mUPDATE "ar_internal_metadata" SET "value" = $1, "updated_at" = $2 WHERE "ar_internal_metadata"."key" = $3[0m  [["value", "test"], ["updated_at", "2019-09-11 18:36:27.459261"], ["key", "environment"]]
  [1m[35m (0.3ms)[0m  [1m[35mCOMMIT[0m
  [1m[36mActiveRecord::InternalMetadata Load (0.2ms)[0m  [1m[34mSELECT "ar_internal_metadata".* FROM "ar_internal_metadata" WHERE "ar_internal_metadata"."key" = $1 LIMIT $2[0m  [["key", "schema_sha1"], ["LIMIT", 1]]
  [1m[35m (0.2ms)[0m  [1m[35mBEGIN[0m
  [1m[36mActiveRecord::InternalMetadata Create (0.2ms)[0m  [1m[32mINSERT INTO "ar_internal_metadata" ("key", "value", "created_at", "updated_at") VALUES ($1, $2, $3, $4) RETURNING "key"[0m  [["key", "schema_sha1"], ["value", "4068296c470236cf561b96f653de8982cf1d46b1"], ["created_at", "2019-09-11 18:36:27.464851"], ["updated_at", "2019-09-11 18:36:27.464851"]]
  [1m[35m (0.3ms)[0m  [1m[35mCOMMIT[0m
  [1m[35m (0.6ms)[0m  [1m[34mSELECT "schema_migrations"."version" FROM "schema_migrations" ORDER BY "schema_migrations"."version" ASC[0m
  [1m[35m (0.2ms)[0m  [1m[35mBEGIN[0m
  [1m[36mStory Create (0.8ms)[0m  [1m[32mINSERT INTO "stories" ("paragraph", "created_at", "updated_at") VALUES ($1, $2, $3) RETURNING "id"[0m  [["paragraph", "first paragraph"], ["created_at", "2019-09-11 18:36:27.511008"], ["updated_at", "2019-09-11 18:36:27.511008"]]
  [1m[35m (0.4ms)[0m  [1m[35mCOMMIT[0m
  [1m[35m (0.1ms)[0m  [1m[35mBEGIN[0m
  [1m[36mStory Create (0.3ms)[0m  [1m[32mINSERT INTO "stories" ("paragraph", "created_at", "updated_at") VALUES ($1, $2, $3) RETURNING "id"[0m  [["paragraph", "second paragraph"], ["created_at", "2019-09-11 18:36:27.515292"], ["updated_at", "2019-09-11 18:36:27.515292"]]
  [1m[35m (0.4ms)[0m  [1m[35mCOMMIT[0m
  [1m[35m (0.1ms)[0m  [1m[35mBEGIN[0m
  [1m[36mStory Create (0.3ms)[0m  [1m[32mINSERT INTO "stories" ("paragraph", "created_at", "updated_at") VALUES ($1, $2, $3) RETURNING "id"[0m  [["paragraph", "third paragraph"], ["created_at", "2019-09-11 18:36:27.527470"], ["updated_at", "2019-09-11 18:36:27.527470"]]
  [1m[35m (0.4ms)[0m  [1m[35mCOMMIT[0m
  [1m[35m (0.1ms)[0m  [1m[35mBEGIN[0m
  [1m[36mStory Create (0.3ms)[0m  [1m[32mINSERT INTO "stories" ("paragraph", "created_at", "updated_at") VALUES ($1, $2, $3) RETURNING "id"[0m  [["paragraph", "fourth paragraph"], ["created_at", "2019-09-11 18:36:27.531077"], ["updated_at", "2019-09-11 18:36:27.531077"]]
  [1m[35m (0.4ms)[0m  [1m[35mCOMMIT[0m
  [1m[35m (0.1ms)[0m  [1m[35mBEGIN[0m
  [1m[36mStory Create (0.2ms)[0m  [1m[32mINSERT INTO "stories" ("paragraph", "created_at", "updated_at") VALUES ($1, $2, $3) RETURNING "id"[0m  [["paragraph", "fifth paragraph"], ["created_at", "2019-09-11 18:36:27.534391"], ["updated_at", "2019-09-11 18:36:27.534391"]]
  [1m[35m (0.5ms)[0m  [1m[35mCOMMIT[0m
  [1m[35m (0.2ms)[0m  [1m[34mSELECT pg_try_advisory_lock(8130410208921554505)[0m
  [1m[35m (0.7ms)[0m  [1m[34mSELECT "schema_migrations"."version" FROM "schema_migrations" ORDER BY "schema_migrations"."version" ASC[0m
Migrating to EditForeignKey (20190911183855)
  [1m[35m (0.2ms)[0m  [1m[35mBEGIN[0m
  [1m[36mprimary::SchemaMigration Create (0.4ms)[0m  [1m[32mINSERT INTO "schema_migrations" ("version") VALUES ($1) RETURNING "version"[0m  [["version", "20190911183855"]]
  [1m[35m (12.6ms)[0m  [1m[35mCOMMIT[0m
  [1m[36mActiveRecord::InternalMetadata Load (0.3ms)[0m  [1m[34mSELECT "ar_internal_metadata".* FROM "ar_internal_metadata" WHERE "ar_internal_metadata"."key" = $1 LIMIT $2[0m  [["key", "environment"], ["LIMIT", 1]]
  [1m[35m (0.3ms)[0m  [1m[34mSELECT pg_advisory_unlock(8130410208921554505)[0m
  [1m[35m (1.3ms)[0m  [1m[34mSELECT "schema_migrations"."version" FROM "schema_migrations" ORDER BY "schema_migrations"."version" ASC[0m
  [1m[35m (0.2ms)[0m  [1m[34mSELECT pg_try_advisory_lock(8130410208921554505)[0m
  [1m[35m (0.7ms)[0m  [1m[34mSELECT "schema_migrations"."version" FROM "schema_migrations" ORDER BY "schema_migrations"."version" ASC[0m
  [1m[36mActiveRecord::InternalMetadata Load (0.4ms)[0m  [1m[34mSELECT "ar_internal_metadata".* FROM "ar_internal_metadata" WHERE "ar_internal_metadata"."key" = $1 LIMIT $2[0m  [["key", "environment"], ["LIMIT", 1]]
  [1m[35m (0.3ms)[0m  [1m[34mSELECT pg_advisory_unlock(8130410208921554505)[0m
  [1m[35m (0.6ms)[0m  [1m[34mSELECT "schema_migrations"."version" FROM "schema_migrations" ORDER BY "schema_migrations"."version" ASC[0m
  [1m[35m (0.2ms)[0m  [1m[34mSELECT pg_try_advisory_lock(8130410208921554505)[0m
  [1m[35m (0.7ms)[0m  [1m[34mSELECT "schema_migrations"."version" FROM "schema_migrations" ORDER BY "schema_migrations"."version" ASC[0m
Migrating to ChangeColumnName (20190911184527)
  [1m[35m (0.2ms)[0m  [1m[35mBEGIN[0m
  [1m[35m (7.1ms)[0m  [1m[35mALTER TABLE "responses" RENAME COLUMN "location_id" TO "story_id"[0m
  [1m[36mprimary::SchemaMigration Create (0.3ms)[0m  [1m[32mINSERT INTO "schema_migrations" ("version") VALUES ($1) RETURNING "version"[0m  [["version", "20190911184527"]]
  [1m[35m (8.2ms)[0m  [1m[35mCOMMIT[0m
  [1m[36mActiveRecord::InternalMetadata Load (0.4ms)[0m  [1m[34mSELECT "ar_internal_metadata".* FROM "ar_internal_metadata" WHERE "ar_internal_metadata"."key" = $1 LIMIT $2[0m  [["key", "environment"], ["LIMIT", 1]]
  [1m[35m (0.3ms)[0m  [1m[34mSELECT pg_advisory_unlock(8130410208921554505)[0m
  [1m[35m (1.9ms)[0m  [1m[34mSELECT "schema_migrations"."version" FROM "schema_migrations" ORDER BY "schema_migrations"."version" ASC[0m
  [1m[35m (0.6ms)[0m  [1m[34mSELECT "schema_migrations"."version" FROM "schema_migrations" ORDER BY "schema_migrations"."version" ASC[0m
  [1m[35m (0.4ms)[0m  [1m[34mSELECT "ar_internal_metadata"."value" FROM "ar_internal_metadata" WHERE "ar_internal_metadata"."key" = $1[0m  [["key", "environment"]]
  [1m[35m (0.2ms)[0m  [1m[34mSELECT "schema_migrations"."version" FROM "schema_migrations" ORDER BY "schema_migrations"."version" ASC[0m
  [1m[35m (0.2ms)[0m  [1m[34mSELECT "ar_internal_metadata"."value" FROM "ar_internal_metadata" WHERE "ar_internal_metadata"."key" = $1[0m  [["key", "environment"]]
  [1m[35m (0.2ms)[0m  [1m[34mSELECT "schema_migrations"."version" FROM "schema_migrations" ORDER BY "schema_migrations"."version" ASC[0m
  [1m[35m (0.2ms)[0m  [1m[34mSELECT "ar_internal_metadata"."value" FROM "ar_internal_metadata" WHERE "ar_internal_metadata"."key" = $1[0m  [["key", "environment"]]
  [1m[35m (222.6ms)[0m  [1m[35mDROP DATABASE IF EXISTS "neko_app_api_development"[0m
  [1m[35m (219.0ms)[0m  [1m[35mDROP DATABASE IF EXISTS "neko_app_api_test"[0m
  [1m[35m (538.4ms)[0m  [1m[35mCREATE DATABASE "neko_app_api_development" ENCODING = 'unicode'[0m
  [1m[35m (470.2ms)[0m  [1m[35mCREATE DATABASE "neko_app_api_test" ENCODING = 'unicode'[0m
  [1m[35mSQL (0.4ms)[0m  [1m[35mCREATE EXTENSION IF NOT EXISTS "plpgsql"[0m
  [1m[35m (0.4ms)[0m  [1m[35mDROP TABLE IF EXISTS "items" CASCADE[0m
  [1m[35m (14.9ms)[0m  [1m[35mCREATE TABLE "items" ("id" bigserial primary key, "name" character varying, "found" boolean DEFAULT FALSE, "created_at" timestamp(6) NOT NULL, "updated_at" timestamp(6) NOT NULL)[0m
  [1m[35m (0.3ms)[0m  [1m[35mDROP TABLE IF EXISTS "responses" CASCADE[0m
  [1m[35m (30.9ms)[0m  [1m[35mCREATE TABLE "responses" ("id" bigserial primary key, "paragraph" integer, "response" character varying, "story_id" integer)[0m
  [1m[35m (0.3ms)[0m  [1m[35mDROP TABLE IF EXISTS "stories" CASCADE[0m
  [1m[35m (4.5ms)[0m  [1m[35mCREATE TABLE "stories" ("id" bigserial primary key, "paragraph" character varying, "created_at" timestamp(6) NOT NULL, "updated_at" timestamp(6) NOT NULL)[0m
  [1m[35m (6.2ms)[0m  [1m[35mCREATE TABLE "schema_migrations" ("version" character varying NOT NULL PRIMARY KEY)[0m
  [1m[35m (0.5ms)[0m  [1m[34mSELECT "schema_migrations"."version" FROM "schema_migrations" ORDER BY "schema_migrations"."version" ASC[0m
  [1m[35m (0.7ms)[0m  [1m[32mINSERT INTO "schema_migrations" (version) VALUES (20190911184527)[0m
  [1m[35m (0.4ms)[0m  [1m[32mINSERT INTO "schema_migrations" (version) VALUES
(20190910152903),
(20190911163917),
(20190911165018),
(20190911175518);

[0m
  [1m[35m (2.1ms)[0m  [1m[35mCREATE TABLE "ar_internal_metadata" ("key" character varying NOT NULL PRIMARY KEY, "value" character varying, "created_at" timestamp(6) NOT NULL, "updated_at" timestamp(6) NOT NULL)[0m
  [1m[36mActiveRecord::InternalMetadata Load (0.3ms)[0m  [1m[34mSELECT "ar_internal_metadata".* FROM "ar_internal_metadata" WHERE "ar_internal_metadata"."key" = $1 LIMIT $2[0m  [["key", "environment"], ["LIMIT", 1]]
  [1m[35m (0.2ms)[0m  [1m[35mBEGIN[0m
  [1m[36mActiveRecord::InternalMetadata Create (0.5ms)[0m  [1m[32mINSERT INTO "ar_internal_metadata" ("key", "value", "created_at", "updated_at") VALUES ($1, $2, $3, $4) RETURNING "key"[0m  [["key", "environment"], ["value", "development"], ["created_at", "2019-09-11 18:50:26.490300"], ["updated_at", "2019-09-11 18:50:26.490300"]]
  [1m[35m (0.3ms)[0m  [1m[35mCOMMIT[0m
  [1m[36mActiveRecord::InternalMetadata Load (0.2ms)[0m  [1m[34mSELECT "ar_internal_metadata".* FROM "ar_internal_metadata" WHERE "ar_internal_metadata"."key" = $1 LIMIT $2[0m  [["key", "environment"], ["LIMIT", 1]]
  [1m[36mActiveRecord::InternalMetadata Load (0.2ms)[0m  [1m[34mSELECT "ar_internal_metadata".* FROM "ar_internal_metadata" WHERE "ar_internal_metadata"."key" = $1 LIMIT $2[0m  [["key", "schema_sha1"], ["LIMIT", 1]]
  [1m[35m (0.1ms)[0m  [1m[35mBEGIN[0m
  [1m[36mActiveRecord::InternalMetadata Create (0.3ms)[0m  [1m[32mINSERT INTO "ar_internal_metadata" ("key", "value", "created_at", "updated_at") VALUES ($1, $2, $3, $4) RETURNING "key"[0m  [["key", "schema_sha1"], ["value", "f80819fc3eebbc8514cb223482d50e80fa6f75fb"], ["created_at", "2019-09-11 18:50:26.499203"], ["updated_at", "2019-09-11 18:50:26.499203"]]
  [1m[35m (0.3ms)[0m  [1m[35mCOMMIT[0m
  [1m[35mSQL (0.3ms)[0m  [1m[35mCREATE EXTENSION IF NOT EXISTS "plpgsql"[0m
  [1m[35m (0.2ms)[0m  [1m[35mDROP TABLE IF EXISTS "items" CASCADE[0m
  [1m[35m (8.5ms)[0m  [1m[35mCREATE TABLE "items" ("id" bigserial primary key, "name" character varying, "found" boolean DEFAULT FALSE, "created_at" timestamp(6) NOT NULL, "updated_at" timestamp(6) NOT NULL)[0m
  [1m[35m (0.3ms)[0m  [1m[35mDROP TABLE IF EXISTS "responses" CASCADE[0m
  [1m[35m (3.5ms)[0m  [1m[35mCREATE TABLE "responses" ("id" bigserial primary key, "paragraph" integer, "response" character varying, "story_id" integer)[0m
  [1m[35m (0.4ms)[0m  [1m[35mDROP TABLE IF EXISTS "stories" CASCADE[0m
  [1m[35m (3.5ms)[0m  [1m[35mCREATE TABLE "stories" ("id" bigserial primary key, "paragraph" character varying, "created_at" timestamp(6) NOT NULL, "updated_at" timestamp(6) NOT NULL)[0m
  [1m[35m (4.1ms)[0m  [1m[35mCREATE TABLE "schema_migrations" ("version" character varying NOT NULL PRIMARY KEY)[0m
  [1m[35m (0.5ms)[0m  [1m[34mSELECT "schema_migrations"."version" FROM "schema_migrations" ORDER BY "schema_migrations"."version" ASC[0m
  [1m[35m (0.7ms)[0m  [1m[32mINSERT INTO "schema_migrations" (version) VALUES (20190911184527)[0m
  [1m[35m (0.5ms)[0m  [1m[32mINSERT INTO "schema_migrations" (version) VALUES
(20190910152903),
(20190911163917),
(20190911165018),
(20190911175518);

[0m
  [1m[35m (3.8ms)[0m  [1m[35mCREATE TABLE "ar_internal_metadata" ("key" character varying NOT NULL PRIMARY KEY, "value" character varying, "created_at" timestamp(6) NOT NULL, "updated_at" timestamp(6) NOT NULL)[0m
  [1m[36mActiveRecord::InternalMetadata Load (0.3ms)[0m  [1m[34mSELECT "ar_internal_metadata".* FROM "ar_internal_metadata" WHERE "ar_internal_metadata"."key" = $1 LIMIT $2[0m  [["key", "environment"], ["LIMIT", 1]]
  [1m[35m (0.1ms)[0m  [1m[35mBEGIN[0m
  [1m[36mActiveRecord::InternalMetadata Create (0.5ms)[0m  [1m[32mINSERT INTO "ar_internal_metadata" ("key", "value", "created_at", "updated_at") VALUES ($1, $2, $3, $4) RETURNING "key"[0m  [["key", "environment"], ["value", "development"], ["created_at", "2019-09-11 18:50:26.584987"], ["updated_at", "2019-09-11 18:50:26.584987"]]
  [1m[35m (0.3ms)[0m  [1m[35mCOMMIT[0m
  [1m[36mActiveRecord::InternalMetadata Load (0.2ms)[0m  [1m[34mSELECT "ar_internal_metadata".* FROM "ar_internal_metadata" WHERE "ar_internal_metadata"."key" = $1 LIMIT $2[0m  [["key", "environment"], ["LIMIT", 1]]
  [1m[35m (0.2ms)[0m  [1m[35mBEGIN[0m
  [1m[36mActiveRecord::InternalMetadata Update (0.3ms)[0m  [1m[33mUPDATE "ar_internal_metadata" SET "value" = $1, "updated_at" = $2 WHERE "ar_internal_metadata"."key" = $3[0m  [["value", "test"], ["updated_at", "2019-09-11 18:50:26.599103"], ["key", "environment"]]
  [1m[35m (0.3ms)[0m  [1m[35mCOMMIT[0m
  [1m[36mActiveRecord::InternalMetadata Load (0.3ms)[0m  [1m[34mSELECT "ar_internal_metadata".* FROM "ar_internal_metadata" WHERE "ar_internal_metadata"."key" = $1 LIMIT $2[0m  [["key", "schema_sha1"], ["LIMIT", 1]]
  [1m[35m (0.2ms)[0m  [1m[35mBEGIN[0m
  [1m[36mActiveRecord::InternalMetadata Create (0.3ms)[0m  [1m[32mINSERT INTO "ar_internal_metadata" ("key", "value", "created_at", "updated_at") VALUES ($1, $2, $3, $4) RETURNING "key"[0m  [["key", "schema_sha1"], ["value", "f80819fc3eebbc8514cb223482d50e80fa6f75fb"], ["created_at", "2019-09-11 18:50:26.604646"], ["updated_at", "2019-09-11 18:50:26.604646"]]
  [1m[35m (0.3ms)[0m  [1m[35mCOMMIT[0m
  [1m[35m (0.6ms)[0m  [1m[34mSELECT "schema_migrations"."version" FROM "schema_migrations" ORDER BY "schema_migrations"."version" ASC[0m
  [1m[35m (0.2ms)[0m  [1m[35mBEGIN[0m
  [1m[36mItem Create (16.7ms)[0m  [1m[32mINSERT INTO "items" ("name", "created_at", "updated_at") VALUES ($1, $2, $3) RETURNING "id"[0m  [["name", "food"], ["created_at", "2019-09-11 18:50:26.651562"], ["updated_at", "2019-09-11 18:50:26.651562"]]
  [1m[35m (0.7ms)[0m  [1m[35mCOMMIT[0m
  [1m[35m (0.2ms)[0m  [1m[35mBEGIN[0m
  [1m[36mItem Create (0.3ms)[0m  [1m[32mINSERT INTO "items" ("name", "created_at", "updated_at") VALUES ($1, $2, $3) RETURNING "id"[0m  [["name", "clothes"], ["created_at", "2019-09-11 18:50:26.674829"], ["updated_at", "2019-09-11 18:50:26.674829"]]
  [1m[35m (0.4ms)[0m  [1m[35mCOMMIT[0m
  [1m[35m (0.1ms)[0m  [1m[35mBEGIN[0m
  [1m[36mItem Create (0.4ms)[0m  [1m[32mINSERT INTO "items" ("name", "created_at", "updated_at") VALUES ($1, $2, $3) RETURNING "id"[0m  [["name", "photo"], ["created_at", "2019-09-11 18:50:26.678779"], ["updated_at", "2019-09-11 18:50:26.678779"]]
  [1m[35m (0.4ms)[0m  [1m[35mCOMMIT[0m
  [1m[35m (0.2ms)[0m  [1m[35mBEGIN[0m
  [1m[36mItem Create (0.3ms)[0m  [1m[32mINSERT INTO "items" ("name", "created_at", "updated_at") VALUES ($1, $2, $3) RETURNING "id"[0m  [["name", "axe"], ["created_at", "2019-09-11 18:50:26.683695"], ["updated_at", "2019-09-11 18:50:26.683695"]]
  [1m[35m (0.4ms)[0m  [1m[35mCOMMIT[0m
  [1m[35m (0.2ms)[0m  [1m[35mBEGIN[0m
  [1m[36mItem Create (0.3ms)[0m  [1m[32mINSERT INTO "items" ("name", "created_at", "updated_at") VALUES ($1, $2, $3) RETURNING "id"[0m  [["name", "painting"], ["created_at", "2019-09-11 18:50:26.688323"], ["updated_at", "2019-09-11 18:50:26.688323"]]
  [1m[35m (0.4ms)[0m  [1m[35mCOMMIT[0m
  [1m[35m (0.1ms)[0m  [1m[35mBEGIN[0m
  [1m[36mItem Create (0.3ms)[0m  [1m[32mINSERT INTO "items" ("name", "created_at", "updated_at") VALUES ($1, $2, $3) RETURNING "id"[0m  [["name", "head"], ["created_at", "2019-09-11 18:50:26.692392"], ["updated_at", "2019-09-11 18:50:26.692392"]]
  [1m[35m (0.3ms)[0m  [1m[35mCOMMIT[0m
  [1m[35m (0.2ms)[0m  [1m[35mBEGIN[0m
  [1m[36mStory Create (0.8ms)[0m  [1m[32mINSERT INTO "stories" ("paragraph", "created_at", "updated_at") VALUES ($1, $2, $3) RETURNING "id"[0m  [["paragraph", "first paragraph"], ["created_at", "2019-09-11 18:50:26.705422"], ["updated_at", "2019-09-11 18:50:26.705422"]]
  [1m[35m (12.0ms)[0m  [1m[35mCOMMIT[0m
  [1m[35m (0.2ms)[0m  [1m[35mBEGIN[0m
  [1m[36mStory Create (0.3ms)[0m  [1m[32mINSERT INTO "stories" ("paragraph", "created_at", "updated_at") VALUES ($1, $2, $3) RETURNING "id"[0m  [["paragraph", "second paragraph"], ["created_at", "2019-09-11 18:50:26.727382"], ["updated_at", "2019-09-11 18:50:26.727382"]]
  [1m[35m (0.5ms)[0m  [1m[35mCOMMIT[0m
  [1m[35m (0.2ms)[0m  [1m[35mBEGIN[0m
  [1m[36mStory Create (0.3ms)[0m  [1m[32mINSERT INTO "stories" ("paragraph", "created_at", "updated_at") VALUES ($1, $2, $3) RETURNING "id"[0m  [["paragraph", "third paragraph"], ["created_at", "2019-09-11 18:50:26.731883"], ["updated_at", "2019-09-11 18:50:26.731883"]]
  [1m[35m (0.3ms)[0m  [1m[35mCOMMIT[0m
  [1m[35m (0.1ms)[0m  [1m[35mBEGIN[0m
  [1m[36mStory Create (0.2ms)[0m  [1m[32mINSERT INTO "stories" ("paragraph", "created_at", "updated_at") VALUES ($1, $2, $3) RETURNING "id"[0m  [["paragraph", "fourth paragraph"], ["created_at", "2019-09-11 18:50:26.743680"], ["updated_at", "2019-09-11 18:50:26.743680"]]
  [1m[35m (0.4ms)[0m  [1m[35mCOMMIT[0m
  [1m[35m (0.2ms)[0m  [1m[35mBEGIN[0m
  [1m[36mStory Create (0.5ms)[0m  [1m[32mINSERT INTO "stories" ("paragraph", "created_at", "updated_at") VALUES ($1, $2, $3) RETURNING "id"[0m  [["paragraph", "fifth paragraph"], ["created_at", "2019-09-11 18:50:26.747758"], ["updated_at", "2019-09-11 18:50:26.747758"]]
  [1m[35m (0.4ms)[0m  [1m[35mCOMMIT[0m
  [1m[35m (0.2ms)[0m  [1m[35mBEGIN[0m
  [1m[36mStory Load (0.3ms)[0m  [1m[34mSELECT "stories".* FROM "stories" WHERE "stories"."id" = $1 LIMIT $2[0m  [["id", 1], ["LIMIT", 1]]
  [1m[36mResponse Create (0.7ms)[0m  [1m[32mINSERT INTO "responses" ("paragraph", "response", "story_id") VALUES ($1, $2, $3) RETURNING "id"[0m  [["paragraph", 1], ["response", "yes"], ["story_id", 1]]
  [1m[35m (10.9ms)[0m  [1m[35mCOMMIT[0m
  [1m[35m (0.2ms)[0m  [1m[35mBEGIN[0m
  [1m[36mStory Load (0.2ms)[0m  [1m[34mSELECT "stories".* FROM "stories" WHERE "stories"."id" = $1 LIMIT $2[0m  [["id", 1], ["LIMIT", 1]]
  [1m[36mResponse Create (0.4ms)[0m  [1m[32mINSERT INTO "responses" ("paragraph", "response", "story_id") VALUES ($1, $2, $3) RETURNING "id"[0m  [["paragraph", 1], ["response", "no"], ["story_id", 1]]
  [1m[35m (13.0ms)[0m  [1m[35mCOMMIT[0m
  [1m[35m (0.2ms)[0m  [1m[35mBEGIN[0m
  [1m[36mStory Load (0.2ms)[0m  [1m[34mSELECT "stories".* FROM "stories" WHERE "stories"."id" = $1 LIMIT $2[0m  [["id", 1], ["LIMIT", 1]]
  [1m[36mResponse Create (0.3ms)[0m  [1m[32mINSERT INTO "responses" ("paragraph", "response", "story_id") VALUES ($1, $2, $3) RETURNING "id"[0m  [["paragraph", 1], ["response", "maybe"], ["story_id", 1]]
  [1m[35m (0.3ms)[0m  [1m[35mCOMMIT[0m
  [1m[35m (0.2ms)[0m  [1m[35mBEGIN[0m
  [1m[36mStory Load (0.3ms)[0m  [1m[34mSELECT "stories".* FROM "stories" WHERE "stories"."id" = $1 LIMIT $2[0m  [["id", 2], ["LIMIT", 1]]
  [1m[36mResponse Create (0.4ms)[0m  [1m[32mINSERT INTO "responses" ("paragraph", "response", "story_id") VALUES ($1, $2, $3) RETURNING "id"[0m  [["paragraph", 2], ["response", "ok"], ["story_id", 2]]
  [1m[35m (0.4ms)[0m  [1m[35mCOMMIT[0m
  [1m[35m (0.1ms)[0m  [1m[35mBEGIN[0m
  [1m[36mStory Load (0.2ms)[0m  [1m[34mSELECT "stories".* FROM "stories" WHERE "stories"."id" = $1 LIMIT $2[0m  [["id", 2], ["LIMIT", 1]]
  [1m[36mResponse Create (0.2ms)[0m  [1m[32mINSERT INTO "responses" ("paragraph", "response", "story_id") VALUES ($1, $2, $3) RETURNING "id"[0m  [["paragraph", 2], ["response", "no way"], ["story_id", 2]]
  [1m[35m (0.4ms)[0m  [1m[35mCOMMIT[0m
  [1m[35m (0.1ms)[0m  [1m[35mBEGIN[0m
  [1m[36mStory Load (0.3ms)[0m  [1m[34mSELECT "stories".* FROM "stories" WHERE "stories"."id" = $1 LIMIT $2[0m  [["id", 2], ["LIMIT", 1]]
  [1m[36mResponse Create (0.4ms)[0m  [1m[32mINSERT INTO "responses" ("paragraph", "response", "story_id") VALUES ($1, $2, $3) RETURNING "id"[0m  [["paragraph", 2], ["response", "i guess"], ["story_id", 2]]
  [1m[35m (0.4ms)[0m  [1m[35mCOMMIT[0m
  [1m[35m (0.1ms)[0m  [1m[35mBEGIN[0m
  [1m[36mStory Load (0.2ms)[0m  [1m[34mSELECT "stories".* FROM "stories" WHERE "stories"."id" = $1 LIMIT $2[0m  [["id", 3], ["LIMIT", 1]]
  [1m[36mResponse Create (0.4ms)[0m  [1m[32mINSERT INTO "responses" ("paragraph", "response", "story_id") VALUES ($1, $2, $3) RETURNING "id"[0m  [["paragraph", 3], ["response", "alright"], ["story_id", 3]]
  [1m[35m (0.5ms)[0m  [1m[35mCOMMIT[0m
  [1m[35m (0.1ms)[0m  [1m[35mBEGIN[0m
  [1m[36mStory Load (0.2ms)[0m  [1m[34mSELECT "stories".* FROM "stories" WHERE "stories"."id" = $1 LIMIT $2[0m  [["id", 3], ["LIMIT", 1]]
  [1m[36mResponse Create (0.3ms)[0m  [1m[32mINSERT INTO "responses" ("paragraph", "response", "story_id") VALUES ($1, $2, $3) RETURNING "id"[0m  [["paragraph", 3], ["response", "go"], ["story_id", 3]]
  [1m[35m (0.4ms)[0m  [1m[35mCOMMIT[0m
  [1m[35m (0.2ms)[0m  [1m[35mBEGIN[0m
  [1m[36mStory Load (0.3ms)[0m  [1m[34mSELECT "stories".* FROM "stories" WHERE "stories"."id" = $1 LIMIT $2[0m  [["id", 3], ["LIMIT", 1]]
  [1m[36mResponse Create (0.3ms)[0m  [1m[32mINSERT INTO "responses" ("paragraph", "response", "story_id") VALUES ($1, $2, $3) RETURNING "id"[0m  [["paragraph", 3], ["response", "stop"], ["story_id", 3]]
  [1m[35m (0.5ms)[0m  [1m[35mCOMMIT[0m
  [1m[36mStory Load (0.4ms)[0m  [1m[34mSELECT "stories".* FROM "stories" WHERE "stories"."id" = $1 LIMIT $2[0m  [["id", 1], ["LIMIT", 1]]
  [1m[36mResponse Load (0.3ms)[0m  [1m[34mSELECT "responses".* FROM "responses" WHERE "responses"."story_id" = $1 LIMIT $2[0m  [["story_id", 1], ["LIMIT", 11]]
  [1m[36mStory Load (0.6ms)[0m  [1m[34mSELECT "stories".* FROM "stories" WHERE "stories"."id" = $1 LIMIT $2[0m  [["id", 2], ["LIMIT", 1]]
  [1m[36mResponse Load (0.3ms)[0m  [1m[34mSELECT "responses".* FROM "responses" WHERE "responses"."story_id" = $1 LIMIT $2[0m  [["story_id", 2], ["LIMIT", 11]]
  [1m[36mStory Load (0.4ms)[0m  [1m[34mSELECT "stories".* FROM "stories" WHERE "stories"."id" = $1 LIMIT $2[0m  [["id", 2], ["LIMIT", 1]]
  [1m[36mResponse Load (0.3ms)[0m  [1m[34mSELECT "responses".* FROM "responses" WHERE "responses"."story_id" = $1[0m  [["story_id", 2]]
Started GET "/items" for ::1 at 2019-09-11 15:03:18 -0400
  [1m[35m (0.8ms)[0m  [1m[34mSELECT "schema_migrations"."version" FROM "schema_migrations" ORDER BY "schema_migrations"."version" ASC[0m
Processing by ItemsController#index as HTML
  [1m[36mItem Load (0.6ms)[0m  [1m[34mSELECT "items".* FROM "items"[0m
  ↳ app/controllers/items_controller.rb:7:in `index'
Completed 200 OK in 19ms (Views: 15.5ms | ActiveRecord: 0.6ms | Allocations: 7164)


Started GET "/stories" for ::1 at 2019-09-11 15:03:24 -0400
Processing by StoriesController#index as HTML
  [1m[36mStory Load (0.5ms)[0m  [1m[34mSELECT "stories".* FROM "stories"[0m
  ↳ app/controllers/stories_controller.rb:8:in `index'
Completed 200 OK in 30ms (Views: 9.7ms | ActiveRecord: 6.7ms | Allocations: 4730)


Started GET "/responses" for ::1 at 2019-09-11 15:03:35 -0400
  
ActionController::RoutingError (No route matches [GET] "/responses"):
  
actionpack (6.0.0) lib/action_dispatch/middleware/debug_exceptions.rb:36:in `call'
actionpack (6.0.0) lib/action_dispatch/middleware/show_exceptions.rb:33:in `call'
railties (6.0.0) lib/rails/rack/logger.rb:38:in `call_app'
railties (6.0.0) lib/rails/rack/logger.rb:26:in `block in call'
activesupport (6.0.0) lib/active_support/tagged_logging.rb:80:in `block in tagged'
activesupport (6.0.0) lib/active_support/tagged_logging.rb:28:in `tagged'
activesupport (6.0.0) lib/active_support/tagged_logging.rb:80:in `tagged'
railties (6.0.0) lib/rails/rack/logger.rb:26:in `call'
actionpack (6.0.0) lib/action_dispatch/middleware/remote_ip.rb:81:in `call'
actionpack (6.0.0) lib/action_dispatch/middleware/request_id.rb:27:in `call'
rack (2.0.7) lib/rack/runtime.rb:22:in `call'
activesupport (6.0.0) lib/active_support/cache/strategy/local_cache_middleware.rb:29:in `call'
actionpack (6.0.0) lib/action_dispatch/middleware/executor.rb:14:in `call'
actionpack (6.0.0) lib/action_dispatch/middleware/static.rb:126:in `call'
rack (2.0.7) lib/rack/sendfile.rb:111:in `call'
actionpack (6.0.0) lib/action_dispatch/middleware/host_authorization.rb:83:in `call'
railties (6.0.0) lib/rails/engine.rb:526:in `call'
puma (3.12.1) lib/puma/configuration.rb:227:in `call'
puma (3.12.1) lib/puma/server.rb:660:in `handle_request'
puma (3.12.1) lib/puma/server.rb:474:in `process_client'
puma (3.12.1) lib/puma/server.rb:334:in `block in run'
puma (3.12.1) lib/puma/thread_pool.rb:135:in `block in spawn_thread'
Started GET "/stories/1" for ::1 at 2019-09-11 15:03:41 -0400
Processing by StoriesController#show as HTML
  Parameters: {"id"=>"1"}
  [1m[36mStory Load (0.3ms)[0m  [1m[34mSELECT "stories".* FROM "stories" WHERE "stories"."id" = $1 LIMIT $2[0m  [["id", 1], ["LIMIT", 1]]
  ↳ app/controllers/stories_controller.rb:44:in `set_story'
Completed 200 OK in 8ms (Views: 0.3ms | ActiveRecord: 0.5ms | Allocations: 1139)


Started GET "/stories" for ::1 at 2019-09-11 16:04:26 -0400
Processing by StoriesController#index as HTML
  [1m[36mStory Load (0.7ms)[0m  [1m[34mSELECT "stories".* FROM "stories"[0m
  ↳ app/controllers/stories_controller.rb:8:in `index'
Completed 500 Internal Server Error in 80ms (ActiveRecord: 0.7ms | Allocations: 4816)


  
ActiveRecord::AssociationNotFoundError (Association named 'resonses' was not found on Story; perhaps you misspelled it?):
  
app/controllers/stories_controller.rb:8:in `index'
Started GET "/stories" for ::1 at 2019-09-11 16:04:35 -0400
Processing by StoriesController#index as HTML
  [1m[36mStory Load (0.6ms)[0m  [1m[34mSELECT "stories".* FROM "stories"[0m
  ↳ app/controllers/stories_controller.rb:8:in `index'
  [1m[36mResponse Load (18.4ms)[0m  [1m[34mSELECT "responses".* FROM "responses" WHERE "responses"."story_id" IN ($1, $2, $3, $4, $5)[0m  [["story_id", 1], ["story_id", 2], ["story_id", 3], ["story_id", 4], ["story_id", 5]]
  ↳ app/controllers/stories_controller.rb:8:in `index'
Completed 200 OK in 70ms (Views: 30.9ms | ActiveRecord: 36.5ms | Allocations: 11060)


Started GET "/stories" for ::1 at 2019-09-11 16:05:05 -0400
Processing by StoriesController#index as HTML
  [1m[36mStory Load (0.3ms)[0m  [1m[34mSELECT "stories".* FROM "stories"[0m
  ↳ app/controllers/stories_controller.rb:8:in `index'
  [1m[36mResponse Load (0.4ms)[0m  [1m[34mSELECT "responses".* FROM "responses" WHERE "responses"."story_id" IN ($1, $2, $3, $4, $5)[0m  [["story_id", 1], ["story_id", 2], ["story_id", 3], ["story_id", 4], ["story_id", 5]]
  ↳ app/controllers/stories_controller.rb:8:in `index'
Completed 200 OK in 20ms (Views: 12.2ms | ActiveRecord: 5.9ms | Allocations: 8659)


Started GET "/stories" for ::1 at 2019-09-11 16:05:28 -0400
Processing by StoriesController#index as HTML
  [1m[36mStory Load (0.3ms)[0m  [1m[34mSELECT "stories".* FROM "stories"[0m
  ↳ app/controllers/stories_controller.rb:8:in `index'
Completed 500 Internal Server Error in 11ms (ActiveRecord: 3.0ms | Allocations: 4218)


  
ActiveRecord::AssociationNotFoundError (Association named 'response' was not found on Story; perhaps you misspelled it?):
  
app/controllers/stories_controller.rb:8:in `index'
Started GET "/stories" for ::1 at 2019-09-11 16:06:41 -0400
Processing by StoriesController#index as HTML
  [1m[36mStory Load (0.3ms)[0m  [1m[34mSELECT "stories".* FROM "stories"[0m
  ↳ app/controllers/stories_controller.rb:8:in `index'
  [1m[36mResponse Load (0.4ms)[0m  [1m[34mSELECT "responses".* FROM "responses" WHERE "responses"."story_id" IN ($1, $2, $3, $4, $5)[0m  [["story_id", 1], ["story_id", 2], ["story_id", 3], ["story_id", 4], ["story_id", 5]]
  ↳ app/controllers/stories_controller.rb:8:in `index'
Completed 200 OK in 21ms (Views: 13.2ms | ActiveRecord: 5.8ms | Allocations: 8712)


Started GET "/stories" for ::1 at 2019-09-11 16:08:25 -0400
Processing by StoriesController#index as HTML
  [1m[36mStory Load (0.6ms)[0m  [1m[34mSELECT "stories".* FROM "stories"[0m
  ↳ app/controllers/stories_controller.rb:8:in `index'
  [1m[36mResponse Load (0.4ms)[0m  [1m[34mSELECT "responses".* FROM "responses" WHERE "responses"."story_id" IN ($1, $2, $3, $4, $5)[0m  [["story_id", 1], ["story_id", 2], ["story_id", 3], ["story_id", 4], ["story_id", 5]]
  ↳ app/controllers/stories_controller.rb:8:in `index'
Completed 200 OK in 9ms (Views: 7.1ms | ActiveRecord: 1.0ms | Allocations: 2567)


Started GET "/stories" for ::1 at 2019-09-11 16:09:30 -0400
  
SyntaxError (/Users/ruby/dev/neko/neko_app_api/app/controllers/stories_controller.rb:8: syntax error, unexpected '}', expecting =>
...ories, :include => {:responses}
...                              ^
/Users/ruby/dev/neko/neko_app_api/app/controllers/stories_controller.rb:51: syntax error, unexpected end-of-input, expecting end):
  
app/controllers/stories_controller.rb:8: syntax error, unexpected '}', expecting =>
app/controllers/stories_controller.rb:51: syntax error, unexpected end-of-input, expecting end
app/controllers/stories_controller.rb:8: syntax error, unexpected '}', expecting =>
app/controllers/stories_controller.rb:51: syntax error, unexpected end-of-input, expecting end
Started GET "/stories" for ::1 at 2019-09-11 16:09:42 -0400
  
SyntaxError (/Users/ruby/dev/neko/neko_app_api/app/controllers/stories_controller.rb:8: syntax error, unexpected '{', expecting =>
...der json: @stories, :includes {:responses}
...                              ^
/Users/ruby/dev/neko/neko_app_api/app/controllers/stories_controller.rb:51: syntax error, unexpected end-of-input, expecting end):
  
app/controllers/stories_controller.rb:8: syntax error, unexpected '{', expecting =>
app/controllers/stories_controller.rb:51: syntax error, unexpected end-of-input, expecting end
app/controllers/stories_controller.rb:8: syntax error, unexpected '{', expecting =>
app/controllers/stories_controller.rb:51: syntax error, unexpected end-of-input, expecting end
Started GET "/stories" for ::1 at 2019-09-11 16:09:54 -0400
  
SyntaxError (/Users/ruby/dev/neko/neko_app_api/app/controllers/stories_controller.rb:8: syntax error, unexpected '(', expecting =>
...der json: @stories, :includes (:responses)
...                              ^
/Users/ruby/dev/neko/neko_app_api/app/controllers/stories_controller.rb:51: syntax error, unexpected end-of-input, expecting end):
  
app/controllers/stories_controller.rb:8: syntax error, unexpected '(', expecting =>
app/controllers/stories_controller.rb:51: syntax error, unexpected end-of-input, expecting end
app/controllers/stories_controller.rb:8: syntax error, unexpected '(', expecting =>
app/controllers/stories_controller.rb:51: syntax error, unexpected end-of-input, expecting end
Started GET "/stories" for ::1 at 2019-09-11 16:09:59 -0400
  
SyntaxError (/Users/ruby/dev/neko/neko_app_api/app/controllers/stories_controller.rb:8: syntax error, unexpected '(', expecting =>
...nder json: @stories, :include (:responses)
...                              ^
/Users/ruby/dev/neko/neko_app_api/app/controllers/stories_controller.rb:51: syntax error, unexpected end-of-input, expecting end):
  
app/controllers/stories_controller.rb:8: syntax error, unexpected '(', expecting =>
app/controllers/stories_controller.rb:51: syntax error, unexpected end-of-input, expecting end
app/controllers/stories_controller.rb:8: syntax error, unexpected '(', expecting =>
app/controllers/stories_controller.rb:51: syntax error, unexpected end-of-input, expecting end
Started GET "/stories" for ::1 at 2019-09-11 16:10:53 -0400
  
SyntaxError (/Users/ruby/dev/neko/neko_app_api/app/controllers/stories_controller.rb:8: syntax error, unexpected '(', expecting end
    render json: @stories ( :include => [:responses])
                          ^
/Users/ruby/dev/neko/neko_app_api/app/controllers/stories_controller.rb:8: syntax error, unexpected ')', expecting end
...ies ( :include => [:responses])
...                              ^
/Users/ruby/dev/neko/neko_app_api/app/controllers/stories_controller.rb:51: syntax error, unexpected end-of-input, expecting end):
  
app/controllers/stories_controller.rb:8: syntax error, unexpected '(', expecting end
app/controllers/stories_controller.rb:8: syntax error, unexpected ')', expecting end
app/controllers/stories_controller.rb:51: syntax error, unexpected end-of-input, expecting end
app/controllers/stories_controller.rb:8: syntax error, unexpected '(', expecting end
app/controllers/stories_controller.rb:8: syntax error, unexpected ')', expecting end
app/controllers/stories_controller.rb:51: syntax error, unexpected end-of-input, expecting end
Started GET "/stories" for ::1 at 2019-09-11 16:11:01 -0400
  
SyntaxError (/Users/ruby/dev/neko/neko_app_api/app/controllers/stories_controller.rb:8: syntax error, unexpected '(', expecting end
    render json: @stories ( :include => :responses)
                          ^
/Users/ruby/dev/neko/neko_app_api/app/controllers/stories_controller.rb:51: syntax error, unexpected end-of-input, expecting end):
  
app/controllers/stories_controller.rb:8: syntax error, unexpected '(', expecting end
app/controllers/stories_controller.rb:51: syntax error, unexpected end-of-input, expecting end
app/controllers/stories_controller.rb:8: syntax error, unexpected '(', expecting end
app/controllers/stories_controller.rb:51: syntax error, unexpected end-of-input, expecting end
Started GET "/stories" for ::1 at 2019-09-11 16:11:06 -0400
  
SyntaxError (/Users/ruby/dev/neko/neko_app_api/app/controllers/stories_controller.rb:8: syntax error, unexpected '(', expecting end
    render json: @stories ( :include => {:responses})
                          ^
/Users/ruby/dev/neko/neko_app_api/app/controllers/stories_controller.rb:8: syntax error, unexpected '}', expecting =>
...ries ( :include => {:responses})
...                              ^
/Users/ruby/dev/neko/neko_app_api/app/controllers/stories_controller.rb:51: syntax error, unexpected end-of-input, expecting end):
  
app/controllers/stories_controller.rb:8: syntax error, unexpected '(', expecting end
app/controllers/stories_controller.rb:8: syntax error, unexpected '}', expecting =>
app/controllers/stories_controller.rb:51: syntax error, unexpected end-of-input, expecting end
app/controllers/stories_controller.rb:8: syntax error, unexpected '(', expecting end
app/controllers/stories_controller.rb:8: syntax error, unexpected '}', expecting =>
app/controllers/stories_controller.rb:51: syntax error, unexpected end-of-input, expecting end
Started GET "/stories" for ::1 at 2019-09-11 16:11:11 -0400
  
SyntaxError (/Users/ruby/dev/neko/neko_app_api/app/controllers/stories_controller.rb:8: syntax error, unexpected '(', expecting end
    render json: @stories ( :include => (:responses))
                          ^
/Users/ruby/dev/neko/neko_app_api/app/controllers/stories_controller.rb:8: syntax error, unexpected ')', expecting end
...ies ( :include => (:responses))
...                              ^
/Users/ruby/dev/neko/neko_app_api/app/controllers/stories_controller.rb:51: syntax error, unexpected end-of-input, expecting end):
  
app/controllers/stories_controller.rb:8: syntax error, unexpected '(', expecting end
app/controllers/stories_controller.rb:8: syntax error, unexpected ')', expecting end
app/controllers/stories_controller.rb:51: syntax error, unexpected end-of-input, expecting end
app/controllers/stories_controller.rb:8: syntax error, unexpected '(', expecting end
app/controllers/stories_controller.rb:8: syntax error, unexpected ')', expecting end
app/controllers/stories_controller.rb:51: syntax error, unexpected end-of-input, expecting end
Started GET "/stories" for ::1 at 2019-09-11 16:12:21 -0400
  
SyntaxError (/Users/ruby/dev/neko/neko_app_api/app/controllers/stories_controller.rb:8: syntax error, unexpected '(', expecting end
    render json: @stories ( :include => (:responses))
                          ^
/Users/ruby/dev/neko/neko_app_api/app/controllers/stories_controller.rb:8: syntax error, unexpected ')', expecting end
...ies ( :include => (:responses))
...                              ^
/Users/ruby/dev/neko/neko_app_api/app/controllers/stories_controller.rb:51: syntax error, unexpected end-of-input, expecting end):
  
app/controllers/stories_controller.rb:8: syntax error, unexpected '(', expecting end
app/controllers/stories_controller.rb:8: syntax error, unexpected ')', expecting end
app/controllers/stories_controller.rb:51: syntax error, unexpected end-of-input, expecting end
app/controllers/stories_controller.rb:8: syntax error, unexpected '(', expecting end
app/controllers/stories_controller.rb:8: syntax error, unexpected ')', expecting end
app/controllers/stories_controller.rb:51: syntax error, unexpected end-of-input, expecting end
Started GET "/stories" for ::1 at 2019-09-11 16:12:33 -0400
  
SyntaxError (/Users/ruby/dev/neko/neko_app_api/app/controllers/stories_controller.rb:8: syntax error, unexpected '(', expecting end
    render json: @stories ( :include => [:responses])
                          ^
/Users/ruby/dev/neko/neko_app_api/app/controllers/stories_controller.rb:8: syntax error, unexpected ')', expecting end
...ies ( :include => [:responses])
...                              ^
/Users/ruby/dev/neko/neko_app_api/app/controllers/stories_controller.rb:51: syntax error, unexpected end-of-input, expecting end):
  
app/controllers/stories_controller.rb:8: syntax error, unexpected '(', expecting end
app/controllers/stories_controller.rb:8: syntax error, unexpected ')', expecting end
app/controllers/stories_controller.rb:51: syntax error, unexpected end-of-input, expecting end
app/controllers/stories_controller.rb:8: syntax error, unexpected '(', expecting end
app/controllers/stories_controller.rb:8: syntax error, unexpected ')', expecting end
app/controllers/stories_controller.rb:51: syntax error, unexpected end-of-input, expecting end
Started GET "/stories" for ::1 at 2019-09-11 16:13:08 -0400
  
SyntaxError (/Users/ruby/dev/neko/neko_app_api/app/controllers/stories_controller.rb:8: syntax error, unexpected '(', expecting end
    render json: @stories ( include: :responses)
                          ^
/Users/ruby/dev/neko/neko_app_api/app/controllers/stories_controller.rb:51: syntax error, unexpected end-of-input, expecting end):
  
app/controllers/stories_controller.rb:8: syntax error, unexpected '(', expecting end
app/controllers/stories_controller.rb:51: syntax error, unexpected end-of-input, expecting end
app/controllers/stories_controller.rb:8: syntax error, unexpected '(', expecting end
app/controllers/stories_controller.rb:51: syntax error, unexpected end-of-input, expecting end
Started GET "/stories" for ::1 at 2019-09-11 16:13:26 -0400
  
SyntaxError (/Users/ruby/dev/neko/neko_app_api/app/controllers/stories_controller.rb:8: syntax error, unexpected '(', expecting end
    render json: @stories ( include: :responses [:respon...
                          ^
/Users/ruby/dev/neko/neko_app_api/app/controllers/stories_controller.rb:8: syntax error, unexpected ')', expecting end
...clude: :responses [:responses])
...                              ^
/Users/ruby/dev/neko/neko_app_api/app/controllers/stories_controller.rb:51: syntax error, unexpected end-of-input, expecting end):
  
app/controllers/stories_controller.rb:8: syntax error, unexpected '(', expecting end
app/controllers/stories_controller.rb:8: syntax error, unexpected ')', expecting end
app/controllers/stories_controller.rb:51: syntax error, unexpected end-of-input, expecting end
app/controllers/stories_controller.rb:8: syntax error, unexpected '(', expecting end
app/controllers/stories_controller.rb:8: syntax error, unexpected ')', expecting end
app/controllers/stories_controller.rb:51: syntax error, unexpected end-of-input, expecting end
Started GET "/stories" for ::1 at 2019-09-11 16:13:35 -0400
  
SyntaxError (/Users/ruby/dev/neko/neko_app_api/app/controllers/stories_controller.rb:8: syntax error, unexpected '(', expecting end
    render json: @stories ( include: :responses, [:respo...
                          ^
/Users/ruby/dev/neko/neko_app_api/app/controllers/stories_controller.rb:8: syntax error, unexpected ')', expecting end
...lude: :responses, [:responses])
...                              ^
/Users/ruby/dev/neko/neko_app_api/app/controllers/stories_controller.rb:51: syntax error, unexpected end-of-input, expecting end):
  
app/controllers/stories_controller.rb:8: syntax error, unexpected '(', expecting end
app/controllers/stories_controller.rb:8: syntax error, unexpected ')', expecting end
app/controllers/stories_controller.rb:51: syntax error, unexpected end-of-input, expecting end
app/controllers/stories_controller.rb:8: syntax error, unexpected '(', expecting end
app/controllers/stories_controller.rb:8: syntax error, unexpected ')', expecting end
app/controllers/stories_controller.rb:51: syntax error, unexpected end-of-input, expecting end
Started GET "/stories" for ::1 at 2019-09-11 16:17:06 -0400
Processing by StoriesController#index as HTML
Completed 500 Internal Server Error in 6ms (ActiveRecord: 0.0ms | Allocations: 1375)


  
NoMethodError (undefined method `response' for nil:NilClass):
  
app/controllers/stories_controller.rb:7:in `index'
Started GET "/stories" for ::1 at 2019-09-11 16:18:06 -0400
Processing by StoriesController#index as HTML
Completed 500 Internal Server Error in 3ms (ActiveRecord: 0.0ms | Allocations: 1369)


  
NoMethodError (undefined method `id' for nil:NilClass):
  
app/controllers/stories_controller.rb:7:in `index'
Started GET "/stories" for ::1 at 2019-09-11 16:18:38 -0400
Processing by StoriesController#index as HTML
Completed 500 Internal Server Error in 3ms (ActiveRecord: 0.0ms | Allocations: 1367)


  
NoMethodError (undefined method `responses' for nil:NilClass):
  
app/controllers/stories_controller.rb:7:in `index'
Started GET "/stories" for ::1 at 2019-09-11 16:19:48 -0400
Processing by StoriesController#index as HTML
  [1m[36mStory Load (0.4ms)[0m  [1m[34mSELECT "stories".* FROM "stories"[0m
  ↳ app/controllers/stories_controller.rb:7:in `index'
  [1m[36mResponse Load (0.2ms)[0m  [1m[34mSELECT "responses".* FROM "responses" WHERE "responses"."story_id" = $1[0m  [["story_id", 1]]
  ↳ app/controllers/stories_controller.rb:7:in `index'
  [1m[36mResponse Load (0.3ms)[0m  [1m[34mSELECT "responses".* FROM "responses" WHERE "responses"."story_id" = $1[0m  [["story_id", 2]]
  ↳ app/controllers/stories_controller.rb:7:in `index'
  [1m[36mResponse Load (0.3ms)[0m  [1m[34mSELECT "responses".* FROM "responses" WHERE "responses"."story_id" = $1[0m  [["story_id", 3]]
  ↳ app/controllers/stories_controller.rb:7:in `index'
  [1m[36mResponse Load (0.5ms)[0m  [1m[34mSELECT "responses".* FROM "responses" WHERE "responses"."story_id" = $1[0m  [["story_id", 4]]
  ↳ app/controllers/stories_controller.rb:7:in `index'
  [1m[36mResponse Load (0.3ms)[0m  [1m[34mSELECT "responses".* FROM "responses" WHERE "responses"."story_id" = $1[0m  [["story_id", 5]]
  ↳ app/controllers/stories_controller.rb:7:in `index'
Completed 200 OK in 39ms (Views: 0.1ms | ActiveRecord: 9.7ms | Allocations: 12472)


